This file contains any messages produced by compilers while
running configure, to aid debugging if configure makes a mistake.

It was created by Dogecoin Core configure 1.14.99, which was
generated by GNU Autoconf 2.71.  Invocation command line was

  $ ./configure --with-incompatible-bdb --enable-wallet --enable-rpc

## --------- ##
## Platform. ##
## --------- ##

hostname = shaobo-System-Product-Name
uname -m = x86_64
uname -r = 6.8.0-57-generic
uname -s = Linux
uname -v = #59-Ubuntu SMP PREEMPT_DYNAMIC Sat Mar 15 17:40:59 UTC 2025

/usr/bin/uname -p = x86_64
/bin/uname -X     = unknown

/bin/arch              = x86_64
/usr/bin/arch -k       = unknown
/usr/convex/getsysinfo = unknown
/usr/bin/hostinfo      = unknown
/bin/machine           = unknown
/usr/bin/oslevel       = unknown
/bin/universe          = unknown

PATH: /home/shaobo/anaconda3/bin/
PATH: /home/shaobo/anaconda3/condabin/
PATH: /home/shaobo/.nvm/versions/node/v20.17.0/bin/
PATH: /usr/lib/jvm/default-java/bin/
PATH: /opt/maven/bin/
PATH: /opt/gradle/gradle-8.10/bin/
PATH: /home/shaobo/.local/bin/
PATH: /usr/lib/jvm/default-java/bin/
PATH: /opt/maven/bin/
PATH: /opt/gradle/gradle-8.10/bin/
PATH: /opt/maven/bin/
PATH: /opt/gradle/gradle-8.10/bin/
PATH: /usr/local/ant/bin/
PATH: /home/shaobo/.local/bin/
PATH: /usr/lib/jvm/default-java/bin/
PATH: /opt/maven/bin/
PATH: /opt/gradle/gradle-8.10/bin/
PATH: /opt/maven/bin/
PATH: /opt/gradle/gradle-8.10/bin/
PATH: /usr/local/ant/bin/
PATH: /usr/local/sbin/
PATH: /usr/local/bin/
PATH: /usr/sbin/
PATH: /usr/bin/
PATH: /sbin/
PATH: /bin/
PATH: /usr/games/
PATH: /usr/local/games/
PATH: /snap/bin/
PATH: /snap/bin/


## ----------- ##
## Core tests. ##
## ----------- ##

configure:3322: looking for aux files: compile ltmain.sh missing install-sh config.guess config.sub
configure:3335:  trying ./build-aux/
configure:3364:   ./build-aux/compile found
configure:3364:   ./build-aux/ltmain.sh found
configure:3364:   ./build-aux/missing found
configure:3346:   ./build-aux/install-sh found
configure:3364:   ./build-aux/config.guess found
configure:3364:   ./build-aux/config.sub found
configure:3493: checking build system type
configure:3508: result: x86_64-pc-linux-gnu
configure:3528: checking host system type
configure:3542: result: x86_64-pc-linux-gnu
configure:3586: checking for a BSD-compatible install
configure:3659: result: /usr/bin/install -c
configure:3670: checking whether build environment is sane
configure:3725: result: yes
configure:3884: checking for a race-free mkdir -p
configure:3928: result: /usr/bin/mkdir -p
configure:3935: checking for gawk
configure:3970: result: no
configure:3935: checking for mawk
configure:3956: found /usr/bin/mawk
configure:3967: result: mawk
configure:3978: checking whether make sets $(MAKE)
configure:4001: result: yes
configure:4031: checking whether make supports nested variables
configure:4049: result: yes
configure:4182: checking whether to enable maintainer-specific portions of Makefiles
configure:4192: result: yes
configure:4218: checking whether make supports nested variables
configure:4236: result: yes
configure:4322: checking for g++
configure:4343: found /usr/bin/g++
configure:4354: result: g++
configure:4381: checking for C++ compiler version
configure:4390: g++ --version >&5
g++ (Ubuntu 13.3.0-6ubuntu2~24.04) 13.3.0
Copyright (C) 2023 Free Software Foundation, Inc.
This is free software; see the source for copying conditions.  There is NO
warranty; not even for MERCHANTABILITY or FITNESS FOR A PARTICULAR PURPOSE.

configure:4401: $? = 0
configure:4390: g++ -v >&5
Using built-in specs.
COLLECT_GCC=g++
COLLECT_LTO_WRAPPER=/usr/libexec/gcc/x86_64-linux-gnu/13/lto-wrapper
OFFLOAD_TARGET_NAMES=nvptx-none:amdgcn-amdhsa
OFFLOAD_TARGET_DEFAULT=1
Target: x86_64-linux-gnu
Configured with: ../src/configure -v --with-pkgversion='Ubuntu 13.3.0-6ubuntu2~24.04' --with-bugurl=file:///usr/share/doc/gcc-13/README.Bugs --enable-languages=c,ada,c++,go,d,fortran,objc,obj-c++,m2 --prefix=/usr --with-gcc-major-version-only --program-suffix=-13 --program-prefix=x86_64-linux-gnu- --enable-shared --enable-linker-build-id --libexecdir=/usr/libexec --without-included-gettext --enable-threads=posix --libdir=/usr/lib --enable-nls --enable-bootstrap --enable-clocale=gnu --enable-libstdcxx-debug --enable-libstdcxx-time=yes --with-default-libstdcxx-abi=new --enable-libstdcxx-backtrace --enable-gnu-unique-object --disable-vtable-verify --enable-plugin --enable-default-pie --with-system-zlib --enable-libphobos-checking=release --with-target-system-zlib=auto --enable-objc-gc=auto --enable-multiarch --disable-werror --enable-cet --with-arch-32=i686 --with-abi=m64 --with-multilib-list=m32,m64,mx32 --enable-multilib --with-tune=generic --enable-offload-targets=nvptx-none=/build/gcc-13-fG75Ri/gcc-13-13.3.0/debian/tmp-nvptx/usr,amdgcn-amdhsa=/build/gcc-13-fG75Ri/gcc-13-13.3.0/debian/tmp-gcn/usr --enable-offload-defaulted --without-cuda-driver --enable-checking=release --build=x86_64-linux-gnu --host=x86_64-linux-gnu --target=x86_64-linux-gnu --with-build-config=bootstrap-lto-lean --enable-link-serialization=2
Thread model: posix
Supported LTO compression algorithms: zlib zstd
gcc version 13.3.0 (Ubuntu 13.3.0-6ubuntu2~24.04) 
... rest of stderr output deleted ...
configure:4401: $? = 0
configure:4390: g++ -V >&5
g++: error: unrecognized command-line option '-V'
g++: fatal error: no input files
compilation terminated.
configure:4401: $? = 1
configure:4390: g++ -qversion >&5
g++: error: unrecognized command-line option '-qversion'; did you mean '--version'?
g++: fatal error: no input files
compilation terminated.
configure:4401: $? = 1
configure:4421: checking whether the C++ compiler works
configure:4443: g++   -L/usr/local/lib conftest.cpp -largon2 >&5
configure:4447: $? = 0
configure:4497: result: yes
configure:4500: checking for C++ compiler default output file name
configure:4502: result: a.out
configure:4508: checking for suffix of executables
configure:4515: g++ -o conftest   -L/usr/local/lib conftest.cpp -largon2 >&5
configure:4519: $? = 0
configure:4542: result: 
configure:4564: checking whether we are cross compiling
configure:4572: g++ -o conftest   -L/usr/local/lib conftest.cpp -largon2 >&5
configure:4576: $? = 0
configure:4583: ./conftest
configure:4587: $? = 0
configure:4602: result: no
configure:4607: checking for suffix of object files
configure:4630: g++ -c   conftest.cpp >&5
configure:4634: $? = 0
configure:4656: result: o
configure:4660: checking whether the compiler supports GNU C++
configure:4680: g++ -c   conftest.cpp >&5
configure:4680: $? = 0
configure:4690: result: yes
configure:4701: checking whether g++ accepts -g
configure:4722: g++ -c -g  conftest.cpp >&5
configure:4722: $? = 0
configure:4766: result: yes
configure:4786: checking for g++ option to enable C++11 features
configure:4801: g++  -c -g -O2  conftest.cpp >&5
conftest.cpp: In function 'int main(int, char**)':
conftest.cpp:175:25: warning: empty parentheses were disambiguated as a function declaration [-Wvexing-parse]
  175 |   cxx11test::delegate d2();
      |                         ^~
conftest.cpp:175:25: note: remove parentheses to default-initialize a variable
  175 |   cxx11test::delegate d2();
      |                         ^~
      |                         --
conftest.cpp:175:25: note: or replace parentheses with braces to value-initialize a variable
configure:4801: $? = 0
configure:4819: result: none needed
configure:4886: checking whether make supports the include directive
configure:4901: make -f confmf.GNU && cat confinc.out
this is the am__doit target
configure:4904: $? = 0
configure:4923: result: yes (GNU style)
configure:4949: checking dependency style of g++
configure:5061: result: gcc3
configure:6502: checking whether g++ supports C++11 features with -std=c++11
configure:6805: g++ -std=c++11 -c -g -O2  conftest.cpp >&5
configure:6805: $? = 0
configure:6815: result: yes
configure:6866: checking whether std::atomic can be used without link library
configure:6884: g++ -std=c++11 -o conftest -g -O2  -L/usr/local/lib conftest.cpp -largon2 >&5
configure:6884: $? = 0
configure:6887: result: yes
configure:7063: checking for Objective C++ compiler version
configure:7072: g++ -std=c++11 --version >&5
g++ (Ubuntu 13.3.0-6ubuntu2~24.04) 13.3.0
Copyright (C) 2023 Free Software Foundation, Inc.
This is free software; see the source for copying conditions.  There is NO
warranty; not even for MERCHANTABILITY or FITNESS FOR A PARTICULAR PURPOSE.

configure:7083: $? = 0
configure:7072: g++ -std=c++11 -v >&5
Using built-in specs.
COLLECT_GCC=g++
COLLECT_LTO_WRAPPER=/usr/libexec/gcc/x86_64-linux-gnu/13/lto-wrapper
OFFLOAD_TARGET_NAMES=nvptx-none:amdgcn-amdhsa
OFFLOAD_TARGET_DEFAULT=1
Target: x86_64-linux-gnu
Configured with: ../src/configure -v --with-pkgversion='Ubuntu 13.3.0-6ubuntu2~24.04' --with-bugurl=file:///usr/share/doc/gcc-13/README.Bugs --enable-languages=c,ada,c++,go,d,fortran,objc,obj-c++,m2 --prefix=/usr --with-gcc-major-version-only --program-suffix=-13 --program-prefix=x86_64-linux-gnu- --enable-shared --enable-linker-build-id --libexecdir=/usr/libexec --without-included-gettext --enable-threads=posix --libdir=/usr/lib --enable-nls --enable-bootstrap --enable-clocale=gnu --enable-libstdcxx-debug --enable-libstdcxx-time=yes --with-default-libstdcxx-abi=new --enable-libstdcxx-backtrace --enable-gnu-unique-object --disable-vtable-verify --enable-plugin --enable-default-pie --with-system-zlib --enable-libphobos-checking=release --with-target-system-zlib=auto --enable-objc-gc=auto --enable-multiarch --disable-werror --enable-cet --with-arch-32=i686 --with-abi=m64 --with-multilib-list=m32,m64,mx32 --enable-multilib --with-tune=generic --enable-offload-targets=nvptx-none=/build/gcc-13-fG75Ri/gcc-13-13.3.0/debian/tmp-nvptx/usr,amdgcn-amdhsa=/build/gcc-13-fG75Ri/gcc-13-13.3.0/debian/tmp-gcn/usr --enable-offload-defaulted --without-cuda-driver --enable-checking=release --build=x86_64-linux-gnu --host=x86_64-linux-gnu --target=x86_64-linux-gnu --with-build-config=bootstrap-lto-lean --enable-link-serialization=2
Thread model: posix
Supported LTO compression algorithms: zlib zstd
gcc version 13.3.0 (Ubuntu 13.3.0-6ubuntu2~24.04) 
... rest of stderr output deleted ...
configure:7083: $? = 0
configure:7072: g++ -std=c++11 -V >&5
g++: error: unrecognized command-line option '-V'
g++: fatal error: no input files
compilation terminated.
configure:7083: $? = 1
configure:7072: g++ -std=c++11 -qversion >&5
g++: error: unrecognized command-line option '-qversion'; did you mean '--version'?
g++: fatal error: no input files
compilation terminated.
configure:7083: $? = 1
configure:7087: checking whether the compiler supports GNU Objective C++
configure:7107: g++ -std=c++11 -c   conftest.mm >&5
g++: fatal error: cannot execute 'cc1objplus': execvp: No such file or directory
compilation terminated.
configure:7107: $? = 1
configure: failed program was:
| /* confdefs.h */
| #define PACKAGE_NAME "Dogecoin Core"
| #define PACKAGE_TARNAME "dogecoin"
| #define PACKAGE_VERSION "1.14.99"
| #define PACKAGE_STRING "Dogecoin Core 1.14.99"
| #define PACKAGE_BUGREPORT "https://github.com/dogecoin/dogecoin/issues"
| #define PACKAGE_URL "https://dogecoin.com/"
| #define HAVE_CXX11 1
| /* end confdefs.h.  */
| 
| int
| main (void)
| {
| #ifndef __GNUC__
|        choke me
| #endif
| 
|   ;
|   return 0;
| }
configure:7117: result: no
configure:7128: checking whether g++ -std=c++11 accepts -g
configure:7149: g++ -std=c++11 -c -g  conftest.mm >&5
g++: fatal error: cannot execute 'cc1objplus': execvp: No such file or directory
compilation terminated.
configure:7149: $? = 1
configure: failed program was:
| /* confdefs.h */
| #define PACKAGE_NAME "Dogecoin Core"
| #define PACKAGE_TARNAME "dogecoin"
| #define PACKAGE_VERSION "1.14.99"
| #define PACKAGE_STRING "Dogecoin Core 1.14.99"
| #define PACKAGE_BUGREPORT "https://github.com/dogecoin/dogecoin/issues"
| #define PACKAGE_URL "https://dogecoin.com/"
| #define HAVE_CXX11 1
| /* end confdefs.h.  */
| 
| int
| main (void)
| {
| 
|   ;
|   return 0;
| }
configure:7165: g++ -std=c++11 -c   conftest.mm >&5
g++: fatal error: cannot execute 'cc1objplus': execvp: No such file or directory
compilation terminated.
configure:7165: $? = 1
configure: failed program was:
| /* confdefs.h */
| #define PACKAGE_NAME "Dogecoin Core"
| #define PACKAGE_TARNAME "dogecoin"
| #define PACKAGE_VERSION "1.14.99"
| #define PACKAGE_STRING "Dogecoin Core 1.14.99"
| #define PACKAGE_BUGREPORT "https://github.com/dogecoin/dogecoin/issues"
| #define PACKAGE_URL "https://dogecoin.com/"
| #define HAVE_CXX11 1
| /* end confdefs.h.  */
| 
| int
| main (void)
| {
| 
|   ;
|   return 0;
| }
configure:7182: g++ -std=c++11 -c -g  conftest.mm >&5
g++: fatal error: cannot execute 'cc1objplus': execvp: No such file or directory
compilation terminated.
configure:7182: $? = 1
configure: failed program was:
| /* confdefs.h */
| #define PACKAGE_NAME "Dogecoin Core"
| #define PACKAGE_TARNAME "dogecoin"
| #define PACKAGE_VERSION "1.14.99"
| #define PACKAGE_STRING "Dogecoin Core 1.14.99"
| #define PACKAGE_BUGREPORT "https://github.com/dogecoin/dogecoin/issues"
| #define PACKAGE_URL "https://dogecoin.com/"
| #define HAVE_CXX11 1
| /* end confdefs.h.  */
| 
| int
| main (void)
| {
| 
|   ;
|   return 0;
| }
configure:7193: result: no
configure:7218: checking dependency style of g++ -std=c++11
configure:7328: result: gcc3
configure:7392: checking how to print strings
configure:7419: result: printf
configure:7502: checking for gcc
configure:7523: found /usr/bin/gcc
configure:7534: result: gcc
configure:7887: checking for C compiler version
configure:7896: gcc --version >&5
gcc (Ubuntu 13.3.0-6ubuntu2~24.04) 13.3.0
Copyright (C) 2023 Free Software Foundation, Inc.
This is free software; see the source for copying conditions.  There is NO
warranty; not even for MERCHANTABILITY or FITNESS FOR A PARTICULAR PURPOSE.

configure:7907: $? = 0
configure:7896: gcc -v >&5
Using built-in specs.
COLLECT_GCC=gcc
COLLECT_LTO_WRAPPER=/usr/libexec/gcc/x86_64-linux-gnu/13/lto-wrapper
OFFLOAD_TARGET_NAMES=nvptx-none:amdgcn-amdhsa
OFFLOAD_TARGET_DEFAULT=1
Target: x86_64-linux-gnu
Configured with: ../src/configure -v --with-pkgversion='Ubuntu 13.3.0-6ubuntu2~24.04' --with-bugurl=file:///usr/share/doc/gcc-13/README.Bugs --enable-languages=c,ada,c++,go,d,fortran,objc,obj-c++,m2 --prefix=/usr --with-gcc-major-version-only --program-suffix=-13 --program-prefix=x86_64-linux-gnu- --enable-shared --enable-linker-build-id --libexecdir=/usr/libexec --without-included-gettext --enable-threads=posix --libdir=/usr/lib --enable-nls --enable-bootstrap --enable-clocale=gnu --enable-libstdcxx-debug --enable-libstdcxx-time=yes --with-default-libstdcxx-abi=new --enable-libstdcxx-backtrace --enable-gnu-unique-object --disable-vtable-verify --enable-plugin --enable-default-pie --with-system-zlib --enable-libphobos-checking=release --with-target-system-zlib=auto --enable-objc-gc=auto --enable-multiarch --disable-werror --enable-cet --with-arch-32=i686 --with-abi=m64 --with-multilib-list=m32,m64,mx32 --enable-multilib --with-tune=generic --enable-offload-targets=nvptx-none=/build/gcc-13-fG75Ri/gcc-13-13.3.0/debian/tmp-nvptx/usr,amdgcn-amdhsa=/build/gcc-13-fG75Ri/gcc-13-13.3.0/debian/tmp-gcn/usr --enable-offload-defaulted --without-cuda-driver --enable-checking=release --build=x86_64-linux-gnu --host=x86_64-linux-gnu --target=x86_64-linux-gnu --with-build-config=bootstrap-lto-lean --enable-link-serialization=2
Thread model: posix
Supported LTO compression algorithms: zlib zstd
gcc version 13.3.0 (Ubuntu 13.3.0-6ubuntu2~24.04) 
... rest of stderr output deleted ...
configure:7907: $? = 0
configure:7896: gcc -V >&5
gcc: error: unrecognized command-line option '-V'
gcc: fatal error: no input files
compilation terminated.
configure:7907: $? = 1
configure:7896: gcc -qversion >&5
gcc: error: unrecognized command-line option '-qversion'; did you mean '--version'?
gcc: fatal error: no input files
compilation terminated.
configure:7907: $? = 1
configure:7896: gcc -version >&5
gcc: error: unrecognized command-line option '-version'
gcc: fatal error: no input files
compilation terminated.
configure:7907: $? = 1
configure:7911: checking whether the compiler supports GNU C
configure:7931: gcc -c -I/usr/local/include  conftest.c >&5
configure:7931: $? = 0
configure:7941: result: yes
configure:7952: checking whether gcc accepts -g
configure:7973: gcc -c -g  conftest.c >&5
configure:7973: $? = 0
configure:8017: result: yes
configure:8037: checking for gcc option to enable C11 features
configure:8052: gcc  -c -I/usr/local/include  conftest.c >&5
configure:8052: $? = 0
configure:8070: result: none needed
configure:8186: checking whether gcc understands -c and -o together
configure:8209: gcc -c conftest.c -o conftest2.o
configure:8212: $? = 0
configure:8209: gcc -c conftest.c -o conftest2.o
configure:8212: $? = 0
configure:8224: result: yes
configure:8243: checking dependency style of gcc
configure:8355: result: gcc3
configure:8370: checking for a sed that does not truncate output
configure:8440: result: /usr/bin/sed
configure:8458: checking for grep that handles long lines and -e
configure:8522: result: /usr/bin/grep
configure:8527: checking for egrep
configure:8595: result: /usr/bin/grep -E
configure:8600: checking for fgrep
configure:8668: result: /usr/bin/grep -F
configure:8704: checking for ld used by gcc
configure:8772: result: /usr/bin/ld
configure:8779: checking if the linker (/usr/bin/ld) is GNU ld
configure:8795: result: yes
configure:8807: checking for BSD- or MS-compatible name lister (nm)
configure:8862: result: /usr/bin/nm -B
configure:9002: checking the name lister (/usr/bin/nm -B) interface
configure:9010: gcc -c -I/usr/local/include  conftest.c >&5
configure:9013: /usr/bin/nm -B "conftest.o"
configure:9016: output
0000000000000000 B some_variable
configure:9023: result: BSD nm
configure:9026: checking whether ln -s works
configure:9030: result: yes
configure:9038: checking the maximum length of command line arguments
configure:9170: result: 1572864
configure:9218: checking how to convert x86_64-pc-linux-gnu file names to x86_64-pc-linux-gnu format
configure:9259: result: func_convert_file_noop
configure:9266: checking how to convert x86_64-pc-linux-gnu file names to toolchain format
configure:9287: result: func_convert_file_noop
configure:9294: checking for /usr/bin/ld option to reload object files
configure:9302: result: -r
configure:9381: checking for objdump
configure:9402: found /usr/bin/objdump
configure:9413: result: objdump
configure:9445: checking how to recognize dependent libraries
configure:9646: result: pass_all
configure:9736: checking for dlltool
configure:9771: result: no
configure:9801: checking how to associate runtime and link libraries
configure:9829: result: printf %s\n
configure:9895: checking for ar
configure:9916: found /usr/bin/ar
configure:9927: result: ar
configure:9964: checking for archiver @FILE support
configure:9982: gcc -c -I/usr/local/include  conftest.c >&5
configure:9982: $? = 0
configure:9986: ar cru libconftest.a @conftest.lst >&5
ar: `u' modifier ignored since `D' is the default (see `U')
configure:9989: $? = 0
configure:9994: ar cru libconftest.a @conftest.lst >&5
ar: `u' modifier ignored since `D' is the default (see `U')
ar: conftest.o: No such file or directory
configure:9997: $? = 1
configure:10009: result: @
configure:10072: checking for strip
configure:10093: found /usr/bin/strip
configure:10104: result: strip
configure:10181: checking for ranlib
configure:10202: found /usr/bin/ranlib
configure:10213: result: ranlib
configure:10315: checking command to parse /usr/bin/nm -B output from gcc object
configure:10469: gcc -c -I/usr/local/include  conftest.c >&5
configure:10472: $? = 0
configure:10476: /usr/bin/nm -B conftest.o \| sed -n -e 's/^.*[ ]\([ABCDGIRSTW][ABCDGIRSTW]*\)[ ][ ]*\([_A-Za-z][_A-Za-z0-9]*\)$/\1 \2 \2/p' | sed '/ __gnu_lto/d' \> conftest.nm
configure:10479: $? = 0
configure:10545: gcc -o conftest -I/usr/local/include  -L/usr/local/lib conftest.c conftstm.o >&5
configure:10548: $? = 0
configure:10586: result: ok
configure:10633: checking for sysroot
configure:10664: result: no
configure:10671: checking for a working dd
configure:10715: result: /usr/bin/dd
configure:10719: checking how to truncate binary pipes
configure:10735: result: /usr/bin/dd bs=4096 count=1
configure:10872: gcc -c -I/usr/local/include  conftest.c >&5
configure:10875: $? = 0
configure:11072: checking for mt
configure:11093: found /usr/bin/mt
configure:11104: result: mt
configure:11127: checking if mt is a manifest tool
configure:11134: mt '-?'
configure:11142: result: no
configure:11872: checking for stdio.h
configure:11872: gcc -c -I/usr/local/include  conftest.c >&5
configure:11872: $? = 0
configure:11872: result: yes
configure:11872: checking for stdlib.h
configure:11872: gcc -c -I/usr/local/include  conftest.c >&5
configure:11872: $? = 0
configure:11872: result: yes
configure:11872: checking for string.h
configure:11872: gcc -c -I/usr/local/include  conftest.c >&5
configure:11872: $? = 0
configure:11872: result: yes
configure:11872: checking for inttypes.h
configure:11872: gcc -c -I/usr/local/include  conftest.c >&5
configure:11872: $? = 0
configure:11872: result: yes
configure:11872: checking for stdint.h
configure:11872: gcc -c -I/usr/local/include  conftest.c >&5
configure:11872: $? = 0
configure:11872: result: yes
configure:11872: checking for strings.h
configure:11872: gcc -c -I/usr/local/include  conftest.c >&5
configure:11872: $? = 0
configure:11872: result: yes
configure:11872: checking for sys/stat.h
configure:11872: gcc -c -I/usr/local/include  conftest.c >&5
configure:11872: $? = 0
configure:11872: result: yes
configure:11872: checking for sys/types.h
configure:11872: gcc -c -I/usr/local/include  conftest.c >&5
configure:11872: $? = 0
configure:11872: result: yes
configure:11872: checking for unistd.h
configure:11872: gcc -c -I/usr/local/include  conftest.c >&5
configure:11872: $? = 0
configure:11872: result: yes
configure:11897: checking for dlfcn.h
configure:11897: gcc -c -I/usr/local/include  conftest.c >&5
configure:11897: $? = 0
configure:11897: result: yes
configure:12165: checking for objdir
configure:12181: result: .libs
configure:12445: checking if gcc supports -fno-rtti -fno-exceptions
configure:12464: gcc -c -I/usr/local/include  -fno-rtti -fno-exceptions conftest.c >&5
cc1: warning: command-line option '-fno-rtti' is valid for C++/D/ObjC++ but not for C
configure:12468: $? = 0
configure:12481: result: no
configure:12839: checking for gcc option to produce PIC
configure:12847: result: -fPIC -DPIC
configure:12855: checking if gcc PIC flag -fPIC -DPIC works
configure:12874: gcc -c -I/usr/local/include  -fPIC -DPIC -DPIC conftest.c >&5
configure:12878: $? = 0
configure:12891: result: yes
configure:12920: checking if gcc static flag -static works
configure:12949: result: yes
configure:12964: checking if gcc supports -c -o file.o
configure:12986: gcc -c -I/usr/local/include  -o out/conftest2.o conftest.c >&5
configure:12990: $? = 0
configure:13012: result: yes
configure:13020: checking if gcc supports -c -o file.o
configure:13068: result: yes
configure:13101: checking whether the gcc linker (/usr/bin/ld -m elf_x86_64) supports shared libraries
configure:14367: result: yes
configure:14404: checking whether -lc should be explicitly linked in
configure:14413: gcc -c -I/usr/local/include  conftest.c >&5
configure:14416: $? = 0
configure:14431: gcc -shared  -fPIC -DPIC conftest.o  -v -Wl,-soname -Wl,conftest -o conftest 2\>\&1 \| /usr/bin/grep  -lc  \>/dev/null 2\>\&1
configure:14434: $? = 0
configure:14448: result: no
configure:14608: checking dynamic linker characteristics
configure:15190: gcc -o conftest -I/usr/local/include  -L/usr/local/lib -Wl,-rpath -Wl,/foo conftest.c -largon2 >&5
configure:15190: $? = 0
configure:15429: result: GNU/Linux ld.so
configure:15551: checking how to hardcode library paths into programs
configure:15576: result: immediate
configure:16128: checking whether stripping libraries is possible
configure:16133: result: yes
configure:16168: checking if libtool supports shared libraries
configure:16170: result: yes
configure:16173: checking whether to build shared libraries
configure:16198: result: yes
configure:16201: checking whether to build static libraries
configure:16205: result: yes
configure:16228: checking how to run the C++ preprocessor
configure:16250: g++ -std=c++11 -E  conftest.cpp
configure:16250: $? = 0
configure:16265: g++ -std=c++11 -E  conftest.cpp
conftest.cpp:22:10: fatal error: ac_nonexistent.h: No such file or directory
   22 | #include <ac_nonexistent.h>
      |          ^~~~~~~~~~~~~~~~~~
compilation terminated.
configure:16265: $? = 1
configure: failed program was:
| /* confdefs.h */
| #define PACKAGE_NAME "Dogecoin Core"
| #define PACKAGE_TARNAME "dogecoin"
| #define PACKAGE_VERSION "1.14.99"
| #define PACKAGE_STRING "Dogecoin Core 1.14.99"
| #define PACKAGE_BUGREPORT "https://github.com/dogecoin/dogecoin/issues"
| #define PACKAGE_URL "https://dogecoin.com/"
| #define HAVE_CXX11 1
| #define HAVE_STDIO_H 1
| #define HAVE_STDLIB_H 1
| #define HAVE_STRING_H 1
| #define HAVE_INTTYPES_H 1
| #define HAVE_STDINT_H 1
| #define HAVE_STRINGS_H 1
| #define HAVE_SYS_STAT_H 1
| #define HAVE_SYS_TYPES_H 1
| #define HAVE_UNISTD_H 1
| #define STDC_HEADERS 1
| #define HAVE_DLFCN_H 1
| #define LT_OBJDIR ".libs/"
| /* end confdefs.h.  */
| #include <ac_nonexistent.h>
configure:16292: result: g++ -std=c++11 -E
configure:16306: g++ -std=c++11 -E  conftest.cpp
configure:16306: $? = 0
configure:16321: g++ -std=c++11 -E  conftest.cpp
conftest.cpp:22:10: fatal error: ac_nonexistent.h: No such file or directory
   22 | #include <ac_nonexistent.h>
      |          ^~~~~~~~~~~~~~~~~~
compilation terminated.
configure:16321: $? = 1
configure: failed program was:
| /* confdefs.h */
| #define PACKAGE_NAME "Dogecoin Core"
| #define PACKAGE_TARNAME "dogecoin"
| #define PACKAGE_VERSION "1.14.99"
| #define PACKAGE_STRING "Dogecoin Core 1.14.99"
| #define PACKAGE_BUGREPORT "https://github.com/dogecoin/dogecoin/issues"
| #define PACKAGE_URL "https://dogecoin.com/"
| #define HAVE_CXX11 1
| #define HAVE_STDIO_H 1
| #define HAVE_STDLIB_H 1
| #define HAVE_STRING_H 1
| #define HAVE_INTTYPES_H 1
| #define HAVE_STDINT_H 1
| #define HAVE_STRINGS_H 1
| #define HAVE_SYS_STAT_H 1
| #define HAVE_SYS_TYPES_H 1
| #define HAVE_UNISTD_H 1
| #define STDC_HEADERS 1
| #define HAVE_DLFCN_H 1
| #define LT_OBJDIR ".libs/"
| /* end confdefs.h.  */
| #include <ac_nonexistent.h>
configure:16486: checking for ld used by g++ -std=c++11
configure:16554: result: /usr/bin/ld -m elf_x86_64
configure:16561: checking if the linker (/usr/bin/ld -m elf_x86_64) is GNU ld
configure:16577: result: yes
configure:16632: checking whether the g++ -std=c++11 linker (/usr/bin/ld -m elf_x86_64) supports shared libraries
configure:17709: result: yes
configure:17745: g++ -std=c++11 -c -g -O2  conftest.cpp >&5
configure:17748: $? = 0
configure:18229: checking for g++ -std=c++11 option to produce PIC
configure:18237: result: -fPIC -DPIC
configure:18245: checking if g++ -std=c++11 PIC flag -fPIC -DPIC works
configure:18264: g++ -std=c++11 -c -g -O2  -fPIC -DPIC -DPIC conftest.cpp >&5
configure:18268: $? = 0
configure:18281: result: yes
configure:18304: checking if g++ -std=c++11 static flag -static works
configure:18333: result: yes
configure:18345: checking if g++ -std=c++11 supports -c -o file.o
configure:18367: g++ -std=c++11 -c -g -O2  -o out/conftest2.o conftest.cpp >&5
configure:18371: $? = 0
configure:18393: result: yes
configure:18398: checking if g++ -std=c++11 supports -c -o file.o
configure:18446: result: yes
configure:18476: checking whether the g++ -std=c++11 linker (/usr/bin/ld -m elf_x86_64) supports shared libraries
configure:18516: result: yes
configure:18658: checking dynamic linker characteristics
configure:19406: result: GNU/Linux ld.so
configure:19471: checking how to hardcode library paths into programs
configure:19496: result: immediate
configure:19609: checking for ar
configure:19632: found /usr/bin/ar
configure:19644: result: /usr/bin/ar
configure:19717: checking for ranlib
configure:19740: found /usr/bin/ranlib
configure:19752: result: /usr/bin/ranlib
configure:19825: checking for strip
configure:19848: found /usr/bin/strip
configure:19860: result: /usr/bin/strip
configure:19933: checking for gcov
configure:19956: found /usr/bin/gcov
configure:19968: result: /usr/bin/gcov
configure:19992: checking for lcov
configure:20030: result: no
configure:20039: checking for python3.6
configure:20062: found /usr/local/bin/python3.6
configure:20074: result: /usr/local/bin/python3.6
configure:20087: checking for genhtml
configure:20125: result: no
configure:20132: checking for git
configure:20155: found /usr/bin/git
configure:20167: result: /usr/bin/git
configure:20177: checking for ccache
configure:20215: result: no
configure:20222: checking for xgettext
configure:20260: result: no
configure:20267: checking for hexdump
configure:20290: found /usr/bin/hexdump
configure:20302: result: /usr/bin/hexdump
configure:20361: checking for objcopy
configure:20384: found /usr/bin/objcopy
configure:20396: result: /usr/bin/objcopy
configure:20651: checking whether C++ compiler accepts -Werror
configure:20671: g++ -std=c++11 -c -g -O2  -Werror  conftest.cpp >&5
configure:20671: $? = 0
configure:20680: result: yes
configure:20750: checking whether C++ compiler accepts -Wall
configure:20770: g++ -std=c++11 -c -g -O2 -Werror -Wall  conftest.cpp >&5
configure:20770: $? = 0
configure:20780: result: yes
configure:20790: checking whether C++ compiler accepts -Wextra
configure:20810: g++ -std=c++11 -c -g -O2 -Wall -Werror -Wextra  conftest.cpp >&5
configure:20810: $? = 0
configure:20820: result: yes
configure:20830: checking whether C++ compiler accepts -Wformat
configure:20850: g++ -std=c++11 -c -g -O2 -Wall -Wextra -Werror -Wformat  conftest.cpp >&5
configure:20850: $? = 0
configure:20860: result: yes
configure:20870: checking whether C++ compiler accepts -Wvla
configure:20890: g++ -std=c++11 -c -g -O2 -Wall -Wextra -Wformat -Werror -Wvla  conftest.cpp >&5
configure:20890: $? = 0
configure:20900: result: yes
configure:20910: checking whether C++ compiler accepts -Wformat-security
configure:20930: g++ -std=c++11 -c -g -O2 -Wall -Wextra -Wformat -Wvla -Werror -Wformat-security  conftest.cpp >&5
configure:20930: $? = 0
configure:20940: result: yes
configure:20954: checking whether C++ compiler accepts -Wunused-parameter
configure:20974: g++ -std=c++11 -c -g -O2 -Wall -Wextra -Wformat -Wvla -Wformat-security -Werror -Wunused-parameter  conftest.cpp >&5
configure:20974: $? = 0
configure:20984: result: yes
configure:20994: checking whether C++ compiler accepts -Wself-assign
configure:21014: g++ -std=c++11 -c -g -O2 -Wall -Wextra -Wformat -Wvla -Wformat-security -Wno-unused-parameter -Werror -Wself-assign  conftest.cpp >&5
g++: error: unrecognized command-line option '-Wself-assign'
configure:21014: $? = 1
configure: failed program was:
| /* confdefs.h */
| #define PACKAGE_NAME "Dogecoin Core"
| #define PACKAGE_TARNAME "dogecoin"
| #define PACKAGE_VERSION "1.14.99"
| #define PACKAGE_STRING "Dogecoin Core 1.14.99"
| #define PACKAGE_BUGREPORT "https://github.com/dogecoin/dogecoin/issues"
| #define PACKAGE_URL "https://dogecoin.com/"
| #define HAVE_CXX11 1
| #define HAVE_STDIO_H 1
| #define HAVE_STDLIB_H 1
| #define HAVE_STRING_H 1
| #define HAVE_INTTYPES_H 1
| #define HAVE_STDINT_H 1
| #define HAVE_STRINGS_H 1
| #define HAVE_SYS_STAT_H 1
| #define HAVE_SYS_TYPES_H 1
| #define HAVE_UNISTD_H 1
| #define STDC_HEADERS 1
| #define HAVE_DLFCN_H 1
| #define LT_OBJDIR ".libs/"
| /* end confdefs.h.  */
| 
| int
| main (void)
| {
| 
|   ;
|   return 0;
| }
configure:21024: result: no
configure:21034: checking whether C++ compiler accepts -Wunused-local-typedef
configure:21054: g++ -std=c++11 -c -g -O2 -Wall -Wextra -Wformat -Wvla -Wformat-security -Wno-unused-parameter -Werror -Wunused-local-typedef  conftest.cpp >&5
g++: error: unrecognized command-line option '-Wunused-local-typedef'; did you mean '-Wunused-local-typedefs'?
configure:21054: $? = 1
configure: failed program was:
| /* confdefs.h */
| #define PACKAGE_NAME "Dogecoin Core"
| #define PACKAGE_TARNAME "dogecoin"
| #define PACKAGE_VERSION "1.14.99"
| #define PACKAGE_STRING "Dogecoin Core 1.14.99"
| #define PACKAGE_BUGREPORT "https://github.com/dogecoin/dogecoin/issues"
| #define PACKAGE_URL "https://dogecoin.com/"
| #define HAVE_CXX11 1
| #define HAVE_STDIO_H 1
| #define HAVE_STDLIB_H 1
| #define HAVE_STRING_H 1
| #define HAVE_INTTYPES_H 1
| #define HAVE_STDINT_H 1
| #define HAVE_STRINGS_H 1
| #define HAVE_SYS_STAT_H 1
| #define HAVE_SYS_TYPES_H 1
| #define HAVE_UNISTD_H 1
| #define STDC_HEADERS 1
| #define HAVE_DLFCN_H 1
| #define LT_OBJDIR ".libs/"
| /* end confdefs.h.  */
| 
| int
| main (void)
| {
| 
|   ;
|   return 0;
| }
configure:21064: result: no
configure:21074: checking whether C++ compiler accepts -Wdeprecated-register
configure:21094: g++ -std=c++11 -c -g -O2 -Wall -Wextra -Wformat -Wvla -Wformat-security -Wno-unused-parameter -Werror -Wdeprecated-register  conftest.cpp >&5
g++: error: unrecognized command-line option '-Wdeprecated-register'; did you mean '-Wdeprecated-copy-dtor'?
configure:21094: $? = 1
configure: failed program was:
| /* confdefs.h */
| #define PACKAGE_NAME "Dogecoin Core"
| #define PACKAGE_TARNAME "dogecoin"
| #define PACKAGE_VERSION "1.14.99"
| #define PACKAGE_STRING "Dogecoin Core 1.14.99"
| #define PACKAGE_BUGREPORT "https://github.com/dogecoin/dogecoin/issues"
| #define PACKAGE_URL "https://dogecoin.com/"
| #define HAVE_CXX11 1
| #define HAVE_STDIO_H 1
| #define HAVE_STDLIB_H 1
| #define HAVE_STRING_H 1
| #define HAVE_INTTYPES_H 1
| #define HAVE_STDINT_H 1
| #define HAVE_STRINGS_H 1
| #define HAVE_SYS_STAT_H 1
| #define HAVE_SYS_TYPES_H 1
| #define HAVE_UNISTD_H 1
| #define STDC_HEADERS 1
| #define HAVE_DLFCN_H 1
| #define LT_OBJDIR ".libs/"
| /* end confdefs.h.  */
| 
| int
| main (void)
| {
| 
|   ;
|   return 0;
| }
configure:21104: result: no
configure:22970: checking for pkg-config
configure:22993: found /usr/bin/pkg-config
configure:23005: result: /usr/bin/pkg-config
configure:23030: checking pkg-config is at least version 0.9.0
configure:23033: result: yes
configure:23145: checking whether byte ordering is bigendian
configure:23161: g++ -std=c++11 -c -g -O2 -Wall -Wextra -Wformat -Wvla -Wformat-security -Wno-unused-parameter  -DHAVE_BUILD_INFO -D__STDC_FORMAT_MACROS conftest.cpp >&5
conftest.cpp:23:16: error: expected unqualified-id before 'not' token
   23 |                not a universal capable compiler
      |                ^~~
configure:23161: $? = 1
configure: failed program was:
| /* confdefs.h */
| #define PACKAGE_NAME "Dogecoin Core"
| #define PACKAGE_TARNAME "dogecoin"
| #define PACKAGE_VERSION "1.14.99"
| #define PACKAGE_STRING "Dogecoin Core 1.14.99"
| #define PACKAGE_BUGREPORT "https://github.com/dogecoin/dogecoin/issues"
| #define PACKAGE_URL "https://dogecoin.com/"
| #define HAVE_CXX11 1
| #define HAVE_STDIO_H 1
| #define HAVE_STDLIB_H 1
| #define HAVE_STRING_H 1
| #define HAVE_INTTYPES_H 1
| #define HAVE_STDINT_H 1
| #define HAVE_STRINGS_H 1
| #define HAVE_SYS_STAT_H 1
| #define HAVE_SYS_TYPES_H 1
| #define HAVE_UNISTD_H 1
| #define STDC_HEADERS 1
| #define HAVE_DLFCN_H 1
| #define LT_OBJDIR ".libs/"
| /* end confdefs.h.  */
| #ifndef __APPLE_CC__
| 	       not a universal capable compiler
| 	     #endif
| 	     typedef int dummy;
| 
configure:23207: g++ -std=c++11 -c -g -O2 -Wall -Wextra -Wformat -Wvla -Wformat-security -Wno-unused-parameter  -DHAVE_BUILD_INFO -D__STDC_FORMAT_MACROS conftest.cpp >&5
configure:23207: $? = 0
configure:23226: g++ -std=c++11 -c -g -O2 -Wall -Wextra -Wformat -Wvla -Wformat-security -Wno-unused-parameter  -DHAVE_BUILD_INFO -D__STDC_FORMAT_MACROS conftest.cpp >&5
conftest.cpp: In function 'int main()':
conftest.cpp:29:22: error: 'big' was not declared in this scope
   29 |                  not big endian
      |                      ^~~
configure:23226: $? = 1
configure: failed program was:
| /* confdefs.h */
| #define PACKAGE_NAME "Dogecoin Core"
| #define PACKAGE_TARNAME "dogecoin"
| #define PACKAGE_VERSION "1.14.99"
| #define PACKAGE_STRING "Dogecoin Core 1.14.99"
| #define PACKAGE_BUGREPORT "https://github.com/dogecoin/dogecoin/issues"
| #define PACKAGE_URL "https://dogecoin.com/"
| #define HAVE_CXX11 1
| #define HAVE_STDIO_H 1
| #define HAVE_STDLIB_H 1
| #define HAVE_STRING_H 1
| #define HAVE_INTTYPES_H 1
| #define HAVE_STDINT_H 1
| #define HAVE_STRINGS_H 1
| #define HAVE_SYS_STAT_H 1
| #define HAVE_SYS_TYPES_H 1
| #define HAVE_UNISTD_H 1
| #define STDC_HEADERS 1
| #define HAVE_DLFCN_H 1
| #define LT_OBJDIR ".libs/"
| /* end confdefs.h.  */
| #include <sys/types.h>
| 		#include <sys/param.h>
| 
| int
| main (void)
| {
| #if BYTE_ORDER != BIG_ENDIAN
| 		 not big endian
| 		#endif
| 
|   ;
|   return 0;
| }
configure:23360: result: no
configure:23384: checking how to run the C preprocessor
configure:23410: gcc -E  -DHAVE_BUILD_INFO -D__STDC_FORMAT_MACROS conftest.c
configure:23410: $? = 0
configure:23425: gcc -E  -DHAVE_BUILD_INFO -D__STDC_FORMAT_MACROS conftest.c
conftest.c:22:10: fatal error: ac_nonexistent.h: No such file or directory
   22 | #include <ac_nonexistent.h>
      |          ^~~~~~~~~~~~~~~~~~
compilation terminated.
configure:23425: $? = 1
configure: failed program was:
| /* confdefs.h */
| #define PACKAGE_NAME "Dogecoin Core"
| #define PACKAGE_TARNAME "dogecoin"
| #define PACKAGE_VERSION "1.14.99"
| #define PACKAGE_STRING "Dogecoin Core 1.14.99"
| #define PACKAGE_BUGREPORT "https://github.com/dogecoin/dogecoin/issues"
| #define PACKAGE_URL "https://dogecoin.com/"
| #define HAVE_CXX11 1
| #define HAVE_STDIO_H 1
| #define HAVE_STDLIB_H 1
| #define HAVE_STRING_H 1
| #define HAVE_INTTYPES_H 1
| #define HAVE_STDINT_H 1
| #define HAVE_STRINGS_H 1
| #define HAVE_SYS_STAT_H 1
| #define HAVE_SYS_TYPES_H 1
| #define HAVE_UNISTD_H 1
| #define STDC_HEADERS 1
| #define HAVE_DLFCN_H 1
| #define LT_OBJDIR ".libs/"
| /* end confdefs.h.  */
| #include <ac_nonexistent.h>
configure:23452: result: gcc -E
configure:23466: gcc -E  -DHAVE_BUILD_INFO -D__STDC_FORMAT_MACROS conftest.c
configure:23466: $? = 0
configure:23481: gcc -E  -DHAVE_BUILD_INFO -D__STDC_FORMAT_MACROS conftest.c
conftest.c:22:10: fatal error: ac_nonexistent.h: No such file or directory
   22 | #include <ac_nonexistent.h>
      |          ^~~~~~~~~~~~~~~~~~
compilation terminated.
configure:23481: $? = 1
configure: failed program was:
| /* confdefs.h */
| #define PACKAGE_NAME "Dogecoin Core"
| #define PACKAGE_TARNAME "dogecoin"
| #define PACKAGE_VERSION "1.14.99"
| #define PACKAGE_STRING "Dogecoin Core 1.14.99"
| #define PACKAGE_BUGREPORT "https://github.com/dogecoin/dogecoin/issues"
| #define PACKAGE_URL "https://dogecoin.com/"
| #define HAVE_CXX11 1
| #define HAVE_STDIO_H 1
| #define HAVE_STDLIB_H 1
| #define HAVE_STRING_H 1
| #define HAVE_INTTYPES_H 1
| #define HAVE_STDINT_H 1
| #define HAVE_STRINGS_H 1
| #define HAVE_SYS_STAT_H 1
| #define HAVE_SYS_TYPES_H 1
| #define HAVE_UNISTD_H 1
| #define STDC_HEADERS 1
| #define HAVE_DLFCN_H 1
| #define LT_OBJDIR ".libs/"
| /* end confdefs.h.  */
| #include <ac_nonexistent.h>
configure:23672: checking whether gcc is Clang
configure:23699: result: no
configure:23764: checking whether pthreads work with "-pthread" and "-lpthread"
configure:23875: gcc -o conftest -I/usr/local/include -pthread  -DHAVE_BUILD_INFO -D__STDC_FORMAT_MACROS -L/usr/local/lib conftest.c -lpthread -largon2 >&5
configure:23875: $? = 0
configure:23885: result: yes
configure:24008: checking for joinable pthread attribute
configure:24027: gcc -o conftest -I/usr/local/include -pthread  -DHAVE_BUILD_INFO -D__STDC_FORMAT_MACROS -L/usr/local/lib conftest.c -lpthread -largon2 >&5
configure:24027: $? = 0
configure:24036: result: PTHREAD_CREATE_JOINABLE
configure:24049: checking whether more special flags are required for pthreads
configure:24063: result: no
configure:24072: checking for PTHREAD_PRIO_INHERIT
configure:24090: gcc -o conftest -I/usr/local/include -pthread  -DHAVE_BUILD_INFO -D__STDC_FORMAT_MACROS -L/usr/local/lib conftest.c -lpthread -largon2 >&5
configure:24090: $? = 0
configure:24100: result: yes
configure:24287: checking for special C compiler options needed for large files
configure:24335: result: no
configure:24341: checking for _FILE_OFFSET_BITS value needed for large files
configure:24367: g++ -std=c++11 -c -g -O2 -Wall -Wextra -Wformat -Wvla -Wformat-security -Wno-unused-parameter  -DHAVE_BUILD_INFO -D__STDC_FORMAT_MACROS conftest.cpp >&5
configure:24367: $? = 0
configure:24401: result: no
configure:24484: checking for g++ -std=c++11 options needed to detect all undeclared functions
configure:24506: g++ -std=c++11 -c -g -O2 -Wall -Wextra -Wformat -Wvla -Wformat-security -Wno-unused-parameter  -DHAVE_BUILD_INFO -D__STDC_FORMAT_MACROS conftest.cpp >&5
conftest.cpp: In function 'int main()':
conftest.cpp:28:8: error: 'strchr' was not declared in this scope
   28 | (void) strchr;
      |        ^~~~~~
conftest.cpp:1:1: note: 'strchr' is defined in header '<cstring>'; did you forget to '#include <cstring>'?
    1 | /* confdefs.h */
configure:24506: $? = 1
configure: failed program was:
| /* confdefs.h */
| #define PACKAGE_NAME "Dogecoin Core"
| #define PACKAGE_TARNAME "dogecoin"
| #define PACKAGE_VERSION "1.14.99"
| #define PACKAGE_STRING "Dogecoin Core 1.14.99"
| #define PACKAGE_BUGREPORT "https://github.com/dogecoin/dogecoin/issues"
| #define PACKAGE_URL "https://dogecoin.com/"
| #define HAVE_CXX11 1
| #define HAVE_STDIO_H 1
| #define HAVE_STDLIB_H 1
| #define HAVE_STRING_H 1
| #define HAVE_INTTYPES_H 1
| #define HAVE_STDINT_H 1
| #define HAVE_STRINGS_H 1
| #define HAVE_SYS_STAT_H 1
| #define HAVE_SYS_TYPES_H 1
| #define HAVE_UNISTD_H 1
| #define STDC_HEADERS 1
| #define HAVE_DLFCN_H 1
| #define LT_OBJDIR ".libs/"
| #define HAVE_PTHREAD_PRIO_INHERIT 1
| #define HAVE_PTHREAD 1
| /* end confdefs.h.  */
| 
| int
| main (void)
| {
| (void) strchr;
|   ;
|   return 0;
| }
configure:24533: g++ -std=c++11 -c -g -O2 -Wall -Wextra -Wformat -Wvla -Wformat-security -Wno-unused-parameter  -DHAVE_BUILD_INFO -D__STDC_FORMAT_MACROS conftest.cpp >&5
configure:24533: $? = 0
configure:24550: result: none needed
configure:24564: checking whether strerror_r is declared
configure:24564: g++ -std=c++11 -c -g -O2 -Wall -Wextra -Wformat -Wvla -Wformat-security -Wno-unused-parameter   -DHAVE_BUILD_INFO -D__STDC_FORMAT_MACROS conftest.cpp >&5
configure:24564: $? = 0
configure:24564: result: yes
configure:24583: checking whether strerror_r returns char *
configure:24608: g++ -std=c++11 -c -g -O2 -Wall -Wextra -Wformat -Wvla -Wformat-security -Wno-unused-parameter  -DHAVE_BUILD_INFO -D__STDC_FORMAT_MACROS conftest.cpp >&5
configure:24608: $? = 0
configure:24617: result: yes
configure:24638: checking whether the linker accepts -Wl,--large-address-aware
configure:24658: g++ -std=c++11 -o conftest -g -O2 -Wall -Wextra -Wformat -Wvla -Wformat-security -Wno-unused-parameter  -DHAVE_BUILD_INFO -D__STDC_FORMAT_MACROS -L/usr/local/lib  -Wl,--large-address-aware conftest.cpp -largon2 >&5
/usr/bin/ld: unrecognized option '--large-address-aware'
/usr/bin/ld: use the --help option for usage information
collect2: error: ld returned 1 exit status
configure:24658: $? = 1
configure: failed program was:
| /* confdefs.h */
| #define PACKAGE_NAME "Dogecoin Core"
| #define PACKAGE_TARNAME "dogecoin"
| #define PACKAGE_VERSION "1.14.99"
| #define PACKAGE_STRING "Dogecoin Core 1.14.99"
| #define PACKAGE_BUGREPORT "https://github.com/dogecoin/dogecoin/issues"
| #define PACKAGE_URL "https://dogecoin.com/"
| #define HAVE_CXX11 1
| #define HAVE_STDIO_H 1
| #define HAVE_STDLIB_H 1
| #define HAVE_STRING_H 1
| #define HAVE_INTTYPES_H 1
| #define HAVE_STDINT_H 1
| #define HAVE_STRINGS_H 1
| #define HAVE_SYS_STAT_H 1
| #define HAVE_SYS_TYPES_H 1
| #define HAVE_UNISTD_H 1
| #define STDC_HEADERS 1
| #define HAVE_DLFCN_H 1
| #define LT_OBJDIR ".libs/"
| #define HAVE_PTHREAD_PRIO_INHERIT 1
| #define HAVE_PTHREAD 1
| #define HAVE_DECL_STRERROR_R 1
| #define HAVE_STRERROR_R 1
| #define STRERROR_R_CHAR_P 1
| /* end confdefs.h.  */
| 
| int
| main (void)
| {
| 
|   ;
|   return 0;
| }
configure:24668: result: no
configure:24681: checking for __attribute__((visibility))
configure:24706: g++ -std=c++11 -o conftest -g -O2 -Wall -Wextra -Wformat -Wvla -Wformat-security -Wno-unused-parameter  -DHAVE_BUILD_INFO -D__STDC_FORMAT_MACROS -L/usr/local/lib conftest.cpp -largon2 >&5
configure:24706: $? = 0
configure:24721: result: yes
configure:24736: checking for __attribute__((dllexport))
configure:24758: g++ -std=c++11 -o conftest -g -O2 -Wall -Wextra -Wformat -Wvla -Wformat-security -Wno-unused-parameter  -DHAVE_BUILD_INFO -D__STDC_FORMAT_MACROS -L/usr/local/lib conftest.cpp -largon2 >&5
conftest.cpp:30:62: warning: 'dllexport' attribute directive ignored [-Wattributes]
   30 |                     __attribute__((dllexport)) int foo( void ) { return 0; }
      |                                                              ^
configure:24758: $? = 0
configure:24773: result: no
configure:24788: checking for __attribute__((dllimport))
configure:24810: g++ -std=c++11 -o conftest -g -O2 -Wall -Wextra -Wformat -Wvla -Wformat-security -Wno-unused-parameter  -DHAVE_BUILD_INFO -D__STDC_FORMAT_MACROS -L/usr/local/lib conftest.cpp -largon2 >&5
conftest.cpp:30:62: warning: 'dllimport' attribute directive ignored [-Wattributes]
   30 |                     int foo( void ) __attribute__((dllimport));
      |                                                              ^
configure:24810: $? = 0
configure:24825: result: no
configure:25233: checking for library containing clock_gettime
configure:25262: g++ -std=c++11 -o conftest -g -O2 -Wall -Wextra -Wformat -Wvla -Wformat-security -Wno-unused-parameter  -DHAVE_BUILD_INFO -D__STDC_FORMAT_MACROS -L/usr/local/lib conftest.cpp -largon2 >&5
configure:25262: $? = 0
configure:25282: result: none required
configure:25295: checking whether C++ compiler accepts -fPIC
configure:25315: g++ -std=c++11 -c -g -O2 -Wall -Wextra -Wformat -Wvla -Wformat-security -Wno-unused-parameter  -fPIC  -DHAVE_BUILD_INFO -D__STDC_FORMAT_MACROS conftest.cpp >&5
configure:25315: $? = 0
configure:25324: result: yes
configure:25336: checking whether C++ compiler accepts -Wstack-protector
configure:25356: g++ -std=c++11 -c -g -O2 -Wall -Wextra -Wformat -Wvla -Wformat-security -Wno-unused-parameter  -Wstack-protector  -DHAVE_BUILD_INFO -D__STDC_FORMAT_MACROS conftest.cpp >&5
configure:25356: $? = 0
configure:25365: result: yes
configure:25374: checking whether C++ compiler accepts -fstack-protector-all
configure:25394: g++ -std=c++11 -c -g -O2 -Wall -Wextra -Wformat -Wvla -Wformat-security -Wno-unused-parameter  -fstack-protector-all  -DHAVE_BUILD_INFO -D__STDC_FORMAT_MACROS conftest.cpp >&5
configure:25394: $? = 0
configure:25403: result: yes
configure:25414: checking whether C++ preprocessor accepts -D_FORTIFY_SOURCE=2
configure:25434: g++ -std=c++11 -E  -DHAVE_BUILD_INFO -D__STDC_FORMAT_MACROS  -D_FORTIFY_SOURCE=2 conftest.cpp
configure:25434: $? = 0
configure:25443: result: yes
configure:25448: checking whether C++ preprocessor accepts -U_FORTIFY_SOURCE
configure:25468: g++ -std=c++11 -E  -DHAVE_BUILD_INFO -D__STDC_FORMAT_MACROS  -U_FORTIFY_SOURCE conftest.cpp
configure:25468: $? = 0
configure:25477: result: yes
configure:25495: checking whether the linker accepts -Wl,--dynamicbase
configure:25515: g++ -std=c++11 -o conftest -g -O2 -Wall -Wextra -Wformat -Wvla -Wformat-security -Wno-unused-parameter  -DHAVE_BUILD_INFO -D__STDC_FORMAT_MACROS -L/usr/local/lib  -Wl,--dynamicbase conftest.cpp -largon2 >&5
/usr/bin/ld: unrecognized option '--dynamicbase'
/usr/bin/ld: use the --help option for usage information
collect2: error: ld returned 1 exit status
configure:25515: $? = 1
configure: failed program was:
| /* confdefs.h */
| #define PACKAGE_NAME "Dogecoin Core"
| #define PACKAGE_TARNAME "dogecoin"
| #define PACKAGE_VERSION "1.14.99"
| #define PACKAGE_STRING "Dogecoin Core 1.14.99"
| #define PACKAGE_BUGREPORT "https://github.com/dogecoin/dogecoin/issues"
| #define PACKAGE_URL "https://dogecoin.com/"
| #define HAVE_CXX11 1
| #define HAVE_STDIO_H 1
| #define HAVE_STDLIB_H 1
| #define HAVE_STRING_H 1
| #define HAVE_INTTYPES_H 1
| #define HAVE_STDINT_H 1
| #define HAVE_STRINGS_H 1
| #define HAVE_SYS_STAT_H 1
| #define HAVE_SYS_TYPES_H 1
| #define HAVE_UNISTD_H 1
| #define STDC_HEADERS 1
| #define HAVE_DLFCN_H 1
| #define LT_OBJDIR ".libs/"
| #define HAVE_PTHREAD_PRIO_INHERIT 1
| #define HAVE_PTHREAD 1
| #define HAVE_DECL_STRERROR_R 1
| #define HAVE_STRERROR_R 1
| #define STRERROR_R_CHAR_P 1
| #define HAVE_FUNC_ATTRIBUTE_VISIBILITY 1
| /* end confdefs.h.  */
| 
| int
| main (void)
| {
| 
|   ;
|   return 0;
| }
configure:25525: result: no
configure:25534: checking whether the linker accepts -Wl,--nxcompat
configure:25554: g++ -std=c++11 -o conftest -g -O2 -Wall -Wextra -Wformat -Wvla -Wformat-security -Wno-unused-parameter  -DHAVE_BUILD_INFO -D__STDC_FORMAT_MACROS -L/usr/local/lib  -Wl,--nxcompat conftest.cpp -largon2 >&5
/usr/bin/ld: unrecognized option '--nxcompat'
/usr/bin/ld: use the --help option for usage information
collect2: error: ld returned 1 exit status
configure:25554: $? = 1
configure: failed program was:
| /* confdefs.h */
| #define PACKAGE_NAME "Dogecoin Core"
| #define PACKAGE_TARNAME "dogecoin"
| #define PACKAGE_VERSION "1.14.99"
| #define PACKAGE_STRING "Dogecoin Core 1.14.99"
| #define PACKAGE_BUGREPORT "https://github.com/dogecoin/dogecoin/issues"
| #define PACKAGE_URL "https://dogecoin.com/"
| #define HAVE_CXX11 1
| #define HAVE_STDIO_H 1
| #define HAVE_STDLIB_H 1
| #define HAVE_STRING_H 1
| #define HAVE_INTTYPES_H 1
| #define HAVE_STDINT_H 1
| #define HAVE_STRINGS_H 1
| #define HAVE_SYS_STAT_H 1
| #define HAVE_SYS_TYPES_H 1
| #define HAVE_UNISTD_H 1
| #define STDC_HEADERS 1
| #define HAVE_DLFCN_H 1
| #define LT_OBJDIR ".libs/"
| #define HAVE_PTHREAD_PRIO_INHERIT 1
| #define HAVE_PTHREAD 1
| #define HAVE_DECL_STRERROR_R 1
| #define HAVE_STRERROR_R 1
| #define STRERROR_R_CHAR_P 1
| #define HAVE_FUNC_ATTRIBUTE_VISIBILITY 1
| /* end confdefs.h.  */
| 
| int
| main (void)
| {
| 
|   ;
|   return 0;
| }
configure:25564: result: no
configure:25573: checking whether the linker accepts -Wl,--high-entropy-va
configure:25593: g++ -std=c++11 -o conftest -g -O2 -Wall -Wextra -Wformat -Wvla -Wformat-security -Wno-unused-parameter  -DHAVE_BUILD_INFO -D__STDC_FORMAT_MACROS -L/usr/local/lib  -Wl,--high-entropy-va conftest.cpp -largon2 >&5
/usr/bin/ld: unrecognized option '--high-entropy-va'
/usr/bin/ld: use the --help option for usage information
collect2: error: ld returned 1 exit status
configure:25593: $? = 1
configure: failed program was:
| /* confdefs.h */
| #define PACKAGE_NAME "Dogecoin Core"
| #define PACKAGE_TARNAME "dogecoin"
| #define PACKAGE_VERSION "1.14.99"
| #define PACKAGE_STRING "Dogecoin Core 1.14.99"
| #define PACKAGE_BUGREPORT "https://github.com/dogecoin/dogecoin/issues"
| #define PACKAGE_URL "https://dogecoin.com/"
| #define HAVE_CXX11 1
| #define HAVE_STDIO_H 1
| #define HAVE_STDLIB_H 1
| #define HAVE_STRING_H 1
| #define HAVE_INTTYPES_H 1
| #define HAVE_STDINT_H 1
| #define HAVE_STRINGS_H 1
| #define HAVE_SYS_STAT_H 1
| #define HAVE_SYS_TYPES_H 1
| #define HAVE_UNISTD_H 1
| #define STDC_HEADERS 1
| #define HAVE_DLFCN_H 1
| #define LT_OBJDIR ".libs/"
| #define HAVE_PTHREAD_PRIO_INHERIT 1
| #define HAVE_PTHREAD 1
| #define HAVE_DECL_STRERROR_R 1
| #define HAVE_STRERROR_R 1
| #define STRERROR_R_CHAR_P 1
| #define HAVE_FUNC_ATTRIBUTE_VISIBILITY 1
| /* end confdefs.h.  */
| 
| int
| main (void)
| {
| 
|   ;
|   return 0;
| }
configure:25603: result: no
configure:25612: checking whether the linker accepts -Wl,-z,relro
configure:25632: g++ -std=c++11 -o conftest -g -O2 -Wall -Wextra -Wformat -Wvla -Wformat-security -Wno-unused-parameter  -DHAVE_BUILD_INFO -D__STDC_FORMAT_MACROS -L/usr/local/lib  -Wl,-z,relro conftest.cpp -largon2 >&5
configure:25632: $? = 0
configure:25642: result: yes
configure:25651: checking whether the linker accepts -Wl,-z,now
configure:25671: g++ -std=c++11 -o conftest -g -O2 -Wall -Wextra -Wformat -Wvla -Wformat-security -Wno-unused-parameter  -DHAVE_BUILD_INFO -D__STDC_FORMAT_MACROS -L/usr/local/lib  -Wl,-z,now conftest.cpp -largon2 >&5
configure:25671: $? = 0
configure:25681: result: yes
configure:25692: checking whether C++ compiler accepts -fPIE
configure:25712: g++ -std=c++11 -c -g -O2 -Wall -Wextra -Wformat -Wvla -Wformat-security -Wno-unused-parameter  -fPIE  -DHAVE_BUILD_INFO -D__STDC_FORMAT_MACROS conftest.cpp >&5
configure:25712: $? = 0
configure:25721: result: yes
configure:25730: checking whether the linker accepts -pie
configure:25750: g++ -std=c++11 -o conftest -g -O2 -Wall -Wextra -Wformat -Wvla -Wformat-security -Wno-unused-parameter  -DHAVE_BUILD_INFO -D__STDC_FORMAT_MACROS -L/usr/local/lib  -pie conftest.cpp -largon2 >&5
configure:25750: $? = 0
configure:25760: result: yes
configure:25863: checking for endian.h
configure:25863: g++ -std=c++11 -c -g -O2 -Wall -Wextra -Wformat -Wvla -Wformat-security -Wno-unused-parameter  -DHAVE_BUILD_INFO -D__STDC_FORMAT_MACROS conftest.cpp >&5
configure:25863: $? = 0
configure:25863: result: yes
configure:25869: checking for sys/endian.h
configure:25869: g++ -std=c++11 -c -g -O2 -Wall -Wextra -Wformat -Wvla -Wformat-security -Wno-unused-parameter  -DHAVE_BUILD_INFO -D__STDC_FORMAT_MACROS conftest.cpp >&5
conftest.cpp:57:10: fatal error: sys/endian.h: No such file or directory
   57 | #include <sys/endian.h>
      |          ^~~~~~~~~~~~~~
compilation terminated.
configure:25869: $? = 1
configure: failed program was:
| /* confdefs.h */
| #define PACKAGE_NAME "Dogecoin Core"
| #define PACKAGE_TARNAME "dogecoin"
| #define PACKAGE_VERSION "1.14.99"
| #define PACKAGE_STRING "Dogecoin Core 1.14.99"
| #define PACKAGE_BUGREPORT "https://github.com/dogecoin/dogecoin/issues"
| #define PACKAGE_URL "https://dogecoin.com/"
| #define HAVE_CXX11 1
| #define HAVE_STDIO_H 1
| #define HAVE_STDLIB_H 1
| #define HAVE_STRING_H 1
| #define HAVE_INTTYPES_H 1
| #define HAVE_STDINT_H 1
| #define HAVE_STRINGS_H 1
| #define HAVE_SYS_STAT_H 1
| #define HAVE_SYS_TYPES_H 1
| #define HAVE_UNISTD_H 1
| #define STDC_HEADERS 1
| #define HAVE_DLFCN_H 1
| #define LT_OBJDIR ".libs/"
| #define HAVE_PTHREAD_PRIO_INHERIT 1
| #define HAVE_PTHREAD 1
| #define HAVE_DECL_STRERROR_R 1
| #define HAVE_STRERROR_R 1
| #define STRERROR_R_CHAR_P 1
| #define HAVE_FUNC_ATTRIBUTE_VISIBILITY 1
| #define HAVE_ENDIAN_H 1
| /* end confdefs.h.  */
| #include <stddef.h>
| #ifdef HAVE_STDIO_H
| # include <stdio.h>
| #endif
| #ifdef HAVE_STDLIB_H
| # include <stdlib.h>
| #endif
| #ifdef HAVE_STRING_H
| # include <string.h>
| #endif
| #ifdef HAVE_INTTYPES_H
| # include <inttypes.h>
| #endif
| #ifdef HAVE_STDINT_H
| # include <stdint.h>
| #endif
| #ifdef HAVE_STRINGS_H
| # include <strings.h>
| #endif
| #ifdef HAVE_SYS_TYPES_H
| # include <sys/types.h>
| #endif
| #ifdef HAVE_SYS_STAT_H
| # include <sys/stat.h>
| #endif
| #ifdef HAVE_UNISTD_H
| # include <unistd.h>
| #endif
| #include <sys/endian.h>
configure:25869: result: no
configure:25875: checking for byteswap.h
configure:25875: g++ -std=c++11 -c -g -O2 -Wall -Wextra -Wformat -Wvla -Wformat-security -Wno-unused-parameter  -DHAVE_BUILD_INFO -D__STDC_FORMAT_MACROS conftest.cpp >&5
configure:25875: $? = 0
configure:25875: result: yes
configure:25881: checking for stdio.h
configure:25881: result: yes
configure:25887: checking for stdlib.h
configure:25887: result: yes
configure:25893: checking for unistd.h
configure:25893: result: yes
configure:25899: checking for strings.h
configure:25899: result: yes
configure:25905: checking for sys/types.h
configure:25905: result: yes
configure:25911: checking for sys/stat.h
configure:25911: result: yes
configure:25917: checking for sys/select.h
configure:25917: g++ -std=c++11 -c -g -O2 -Wall -Wextra -Wformat -Wvla -Wformat-security -Wno-unused-parameter  -DHAVE_BUILD_INFO -D__STDC_FORMAT_MACROS conftest.cpp >&5
configure:25917: $? = 0
configure:25917: result: yes
configure:25923: checking for sys/prctl.h
configure:25923: g++ -std=c++11 -c -g -O2 -Wall -Wextra -Wformat -Wvla -Wformat-security -Wno-unused-parameter  -DHAVE_BUILD_INFO -D__STDC_FORMAT_MACROS conftest.cpp >&5
configure:25923: $? = 0
configure:25923: result: yes
configure:25931: checking whether strnlen is declared
configure:25931: g++ -std=c++11 -c -g -O2 -Wall -Wextra -Wformat -Wvla -Wformat-security -Wno-unused-parameter   -DHAVE_BUILD_INFO -D__STDC_FORMAT_MACROS conftest.cpp >&5
configure:25931: $? = 0
configure:25931: result: yes
configure:25942: checking whether daemon is declared
configure:25942: g++ -std=c++11 -c -g -O2 -Wall -Wextra -Wformat -Wvla -Wformat-security -Wno-unused-parameter   -DHAVE_BUILD_INFO -D__STDC_FORMAT_MACROS conftest.cpp >&5
configure:25942: $? = 0
configure:25942: result: yes
configure:25952: checking whether le16toh is declared
configure:25952: g++ -std=c++11 -c -g -O2 -Wall -Wextra -Wformat -Wvla -Wformat-security -Wno-unused-parameter   -DHAVE_BUILD_INFO -D__STDC_FORMAT_MACROS conftest.cpp >&5
configure:25952: $? = 0
configure:25952: result: yes
configure:25965: checking whether le32toh is declared
configure:25965: g++ -std=c++11 -c -g -O2 -Wall -Wextra -Wformat -Wvla -Wformat-security -Wno-unused-parameter   -DHAVE_BUILD_INFO -D__STDC_FORMAT_MACROS conftest.cpp >&5
configure:25965: $? = 0
configure:25965: result: yes
configure:25978: checking whether le64toh is declared
configure:25978: g++ -std=c++11 -c -g -O2 -Wall -Wextra -Wformat -Wvla -Wformat-security -Wno-unused-parameter   -DHAVE_BUILD_INFO -D__STDC_FORMAT_MACROS conftest.cpp >&5
configure:25978: $? = 0
configure:25978: result: yes
configure:25991: checking whether htole16 is declared
configure:25991: g++ -std=c++11 -c -g -O2 -Wall -Wextra -Wformat -Wvla -Wformat-security -Wno-unused-parameter   -DHAVE_BUILD_INFO -D__STDC_FORMAT_MACROS conftest.cpp >&5
configure:25991: $? = 0
configure:25991: result: yes
configure:26004: checking whether htole32 is declared
configure:26004: g++ -std=c++11 -c -g -O2 -Wall -Wextra -Wformat -Wvla -Wformat-security -Wno-unused-parameter   -DHAVE_BUILD_INFO -D__STDC_FORMAT_MACROS conftest.cpp >&5
configure:26004: $? = 0
configure:26004: result: yes
configure:26017: checking whether htole64 is declared
configure:26017: g++ -std=c++11 -c -g -O2 -Wall -Wextra -Wformat -Wvla -Wformat-security -Wno-unused-parameter   -DHAVE_BUILD_INFO -D__STDC_FORMAT_MACROS conftest.cpp >&5
configure:26017: $? = 0
configure:26017: result: yes
configure:26030: checking whether be16toh is declared
configure:26030: g++ -std=c++11 -c -g -O2 -Wall -Wextra -Wformat -Wvla -Wformat-security -Wno-unused-parameter   -DHAVE_BUILD_INFO -D__STDC_FORMAT_MACROS conftest.cpp >&5
configure:26030: $? = 0
configure:26030: result: yes
configure:26043: checking whether be32toh is declared
configure:26043: g++ -std=c++11 -c -g -O2 -Wall -Wextra -Wformat -Wvla -Wformat-security -Wno-unused-parameter   -DHAVE_BUILD_INFO -D__STDC_FORMAT_MACROS conftest.cpp >&5
configure:26043: $? = 0
configure:26043: result: yes
configure:26056: checking whether be64toh is declared
configure:26056: g++ -std=c++11 -c -g -O2 -Wall -Wextra -Wformat -Wvla -Wformat-security -Wno-unused-parameter   -DHAVE_BUILD_INFO -D__STDC_FORMAT_MACROS conftest.cpp >&5
configure:26056: $? = 0
configure:26056: result: yes
configure:26069: checking whether htobe16 is declared
configure:26069: g++ -std=c++11 -c -g -O2 -Wall -Wextra -Wformat -Wvla -Wformat-security -Wno-unused-parameter   -DHAVE_BUILD_INFO -D__STDC_FORMAT_MACROS conftest.cpp >&5
configure:26069: $? = 0
configure:26069: result: yes
configure:26082: checking whether htobe32 is declared
configure:26082: g++ -std=c++11 -c -g -O2 -Wall -Wextra -Wformat -Wvla -Wformat-security -Wno-unused-parameter   -DHAVE_BUILD_INFO -D__STDC_FORMAT_MACROS conftest.cpp >&5
configure:26082: $? = 0
configure:26082: result: yes
configure:26095: checking whether htobe64 is declared
configure:26095: g++ -std=c++11 -c -g -O2 -Wall -Wextra -Wformat -Wvla -Wformat-security -Wno-unused-parameter   -DHAVE_BUILD_INFO -D__STDC_FORMAT_MACROS conftest.cpp >&5
configure:26095: $? = 0
configure:26095: result: yes
configure:26110: checking whether bswap_16 is declared
configure:26110: g++ -std=c++11 -c -g -O2 -Wall -Wextra -Wformat -Wvla -Wformat-security -Wno-unused-parameter   -DHAVE_BUILD_INFO -D__STDC_FORMAT_MACROS conftest.cpp >&5
configure:26110: $? = 0
configure:26110: result: yes
configure:26121: checking whether bswap_32 is declared
configure:26121: g++ -std=c++11 -c -g -O2 -Wall -Wextra -Wformat -Wvla -Wformat-security -Wno-unused-parameter   -DHAVE_BUILD_INFO -D__STDC_FORMAT_MACROS conftest.cpp >&5
configure:26121: $? = 0
configure:26121: result: yes
configure:26132: checking whether bswap_64 is declared
configure:26132: g++ -std=c++11 -c -g -O2 -Wall -Wextra -Wformat -Wvla -Wformat-security -Wno-unused-parameter   -DHAVE_BUILD_INFO -D__STDC_FORMAT_MACROS conftest.cpp >&5
configure:26132: $? = 0
configure:26132: result: yes
configure:26145: checking whether __builtin_clz is declared
configure:26145: g++ -std=c++11 -c -g -O2 -Wall -Wextra -Wformat -Wvla -Wformat-security -Wno-unused-parameter   -DHAVE_BUILD_INFO -D__STDC_FORMAT_MACROS conftest.cpp >&5
configure:26145: $? = 0
configure:26145: result: yes
configure:26153: checking whether __builtin_clzl is declared
configure:26153: g++ -std=c++11 -c -g -O2 -Wall -Wextra -Wformat -Wvla -Wformat-security -Wno-unused-parameter   -DHAVE_BUILD_INFO -D__STDC_FORMAT_MACROS conftest.cpp >&5
configure:26153: $? = 0
configure:26153: result: yes
configure:26161: checking whether __builtin_clzll is declared
configure:26161: g++ -std=c++11 -c -g -O2 -Wall -Wextra -Wformat -Wvla -Wformat-security -Wno-unused-parameter   -DHAVE_BUILD_INFO -D__STDC_FORMAT_MACROS conftest.cpp >&5
configure:26161: $? = 0
configure:26161: result: yes
configure:26171: checking for MSG_NOSIGNAL
configure:26184: g++ -std=c++11 -c -g -O2 -Wall -Wextra -Wformat -Wvla -Wformat-security -Wno-unused-parameter  -DHAVE_BUILD_INFO -D__STDC_FORMAT_MACROS conftest.cpp >&5
conftest.cpp: In function 'int main()':
conftest.cpp:62:6: warning: unused variable 'f' [-Wunused-variable]
   62 |  int f = MSG_NOSIGNAL;
      |      ^
configure:26184: $? = 0
configure:26186: result: yes
configure:26197: checking for mallopt M_ARENA_MAX
configure:26210: g++ -std=c++11 -c -g -O2 -Wall -Wextra -Wformat -Wvla -Wformat-security -Wno-unused-parameter  -DHAVE_BUILD_INFO -D__STDC_FORMAT_MACROS conftest.cpp >&5
configure:26210: $? = 0
configure:26212: result: yes
configure:26223: checking for visibility attribute
configure:26232: g++ -std=c++11 -o conftest -g -O2 -Wall -Wextra -Wformat -Wvla -Wformat-security -Wno-unused-parameter  -DHAVE_BUILD_INFO -D__STDC_FORMAT_MACROS -L/usr/local/lib conftest.cpp -largon2 >&5
configure:26232: $? = 0
configure:26238: result: yes
configure:26255: checking for Linux getrandom syscall
configure:26270: g++ -std=c++11 -c -g -O2 -Wall -Wextra -Wformat -Wvla -Wformat-security -Wno-unused-parameter  -DHAVE_BUILD_INFO -D__STDC_FORMAT_MACROS conftest.cpp >&5
configure:26270: $? = 0
configure:26272: result: yes
configure:26283: checking for getentropy
configure:26296: g++ -std=c++11 -c -g -O2 -Wall -Wextra -Wformat -Wvla -Wformat-security -Wno-unused-parameter  -DHAVE_BUILD_INFO -D__STDC_FORMAT_MACROS conftest.cpp >&5
conftest.cpp: In function 'int main()':
conftest.cpp:66:12: warning: ignoring return value of 'int getentropy(void*, size_t)' declared with attribute 'warn_unused_result' [-Wunused-result]
   66 |  getentropy(nullptr, 32)
      |  ~~~~~~~~~~^~~~~~~~~~~~~
conftest.cpp:66:12: warning: argument 1 is null but the corresponding size argument 2 value is 32 [-Wnonnull]
   66 |  getentropy(nullptr, 32)
      |  ~~~~~~~~~~^~~~~~~~~~~~~
In file included from conftest.cpp:62:
/usr/include/unistd.h:1201:5: note: in a call to function 'int getentropy(void*, size_t)' declared with attribute 'access (write_only, 1, 2)'
 1201 | int getentropy (void *__buffer, size_t __length) __wur
      |     ^~~~~~~~~~
configure:26296: $? = 0
configure:26298: result: yes
configure:26309: checking for getentropy via sys/random.h
configure:26323: g++ -std=c++11 -c -g -O2 -Wall -Wextra -Wformat -Wvla -Wformat-security -Wno-unused-parameter  -DHAVE_BUILD_INFO -D__STDC_FORMAT_MACROS conftest.cpp >&5
conftest.cpp: In function 'int main()':
conftest.cpp:68:12: warning: ignoring return value of 'int getentropy(void*, size_t)' declared with attribute 'warn_unused_result' [-Wunused-result]
   68 |  getentropy(nullptr, 32)
      |  ~~~~~~~~~~^~~~~~~~~~~~~
conftest.cpp:68:12: warning: argument 1 is null but the corresponding size argument 2 value is 32 [-Wnonnull]
   68 |  getentropy(nullptr, 32)
      |  ~~~~~~~~~~^~~~~~~~~~~~~
In file included from conftest.cpp:64:
/usr/include/x86_64-linux-gnu/sys/random.h:40:5: note: in a call to function 'int getentropy(void*, size_t)' declared with attribute 'access (write_only, 1, 2)'
   40 | int getentropy (void *__buffer, size_t __length) __wur
      |     ^~~~~~~~~~
configure:26323: $? = 0
configure:26325: result: yes
configure:26336: checking for sysctl KERN_ARND
configure:26351: g++ -std=c++11 -c -g -O2 -Wall -Wextra -Wformat -Wvla -Wformat-security -Wno-unused-parameter  -DHAVE_BUILD_INFO -D__STDC_FORMAT_MACROS conftest.cpp >&5
conftest.cpp:65:12: fatal error: sys/sysctl.h: No such file or directory
   65 |   #include <sys/sysctl.h>
      |            ^~~~~~~~~~~~~~
compilation terminated.
configure:26351: $? = 1
configure: failed program was:
| /* confdefs.h */
| #define PACKAGE_NAME "Dogecoin Core"
| #define PACKAGE_TARNAME "dogecoin"
| #define PACKAGE_VERSION "1.14.99"
| #define PACKAGE_STRING "Dogecoin Core 1.14.99"
| #define PACKAGE_BUGREPORT "https://github.com/dogecoin/dogecoin/issues"
| #define PACKAGE_URL "https://dogecoin.com/"
| #define HAVE_CXX11 1
| #define HAVE_STDIO_H 1
| #define HAVE_STDLIB_H 1
| #define HAVE_STRING_H 1
| #define HAVE_INTTYPES_H 1
| #define HAVE_STDINT_H 1
| #define HAVE_STRINGS_H 1
| #define HAVE_SYS_STAT_H 1
| #define HAVE_SYS_TYPES_H 1
| #define HAVE_UNISTD_H 1
| #define STDC_HEADERS 1
| #define HAVE_DLFCN_H 1
| #define LT_OBJDIR ".libs/"
| #define HAVE_PTHREAD_PRIO_INHERIT 1
| #define HAVE_PTHREAD 1
| #define HAVE_DECL_STRERROR_R 1
| #define HAVE_STRERROR_R 1
| #define STRERROR_R_CHAR_P 1
| #define HAVE_FUNC_ATTRIBUTE_VISIBILITY 1
| #define HAVE_ENDIAN_H 1
| #define HAVE_BYTESWAP_H 1
| #define HAVE_STDIO_H 1
| #define HAVE_STDLIB_H 1
| #define HAVE_UNISTD_H 1
| #define HAVE_STRINGS_H 1
| #define HAVE_SYS_TYPES_H 1
| #define HAVE_SYS_STAT_H 1
| #define HAVE_SYS_SELECT_H 1
| #define HAVE_SYS_PRCTL_H 1
| #define HAVE_DECL_STRNLEN 1
| #define HAVE_DECL_DAEMON 1
| #define HAVE_DECL_LE16TOH 1
| #define HAVE_DECL_LE32TOH 1
| #define HAVE_DECL_LE64TOH 1
| #define HAVE_DECL_HTOLE16 1
| #define HAVE_DECL_HTOLE32 1
| #define HAVE_DECL_HTOLE64 1
| #define HAVE_DECL_BE16TOH 1
| #define HAVE_DECL_BE32TOH 1
| #define HAVE_DECL_BE64TOH 1
| #define HAVE_DECL_HTOBE16 1
| #define HAVE_DECL_HTOBE32 1
| #define HAVE_DECL_HTOBE64 1
| #define HAVE_DECL_BSWAP_16 1
| #define HAVE_DECL_BSWAP_32 1
| #define HAVE_DECL_BSWAP_64 1
| #define HAVE_DECL___BUILTIN_CLZ 1
| #define HAVE_DECL___BUILTIN_CLZL 1
| #define HAVE_DECL___BUILTIN_CLZLL 1
| #define HAVE_MSG_NOSIGNAL 1
| #define HAVE_MALLOPT_ARENA_MAX 1
| #define HAVE_VISIBILITY_ATTRIBUTE 1
| #define HAVE_SYS_GETRANDOM 1
| #define HAVE_GETENTROPY 1
| #define HAVE_GETENTROPY_RAND 1
| /* end confdefs.h.  */
| #include <sys/types.h>
|   #include <sys/sysctl.h>
| int
| main (void)
| {
|  static const int name[2] = {CTL_KERN, KERN_ARND};
|     sysctl(name, 2, nullptr, nullptr, nullptr, 0);
|   ;
|   return 0;
| }
configure:26358: result: no
configure:26426: checking for Berkeley DB C++ headers
configure:26465: g++ -std=c++11 -c -g -O2 -Wall -Wextra -Wformat -Wvla -Wformat-security -Wno-unused-parameter  -DHAVE_BUILD_INFO -D__STDC_FORMAT_MACROS conftest.cpp >&5
conftest.cpp:65:16: fatal error: bdb5.3/db_cxx.h: No such file or directory
   65 |       #include <bdb5.3/db_cxx.h>
      |                ^~~~~~~~~~~~~~~~~
compilation terminated.
configure:26465: $? = 1
configure: failed program was:
| /* confdefs.h */
| #define PACKAGE_NAME "Dogecoin Core"
| #define PACKAGE_TARNAME "dogecoin"
| #define PACKAGE_VERSION "1.14.99"
| #define PACKAGE_STRING "Dogecoin Core 1.14.99"
| #define PACKAGE_BUGREPORT "https://github.com/dogecoin/dogecoin/issues"
| #define PACKAGE_URL "https://dogecoin.com/"
| #define HAVE_CXX11 1
| #define HAVE_STDIO_H 1
| #define HAVE_STDLIB_H 1
| #define HAVE_STRING_H 1
| #define HAVE_INTTYPES_H 1
| #define HAVE_STDINT_H 1
| #define HAVE_STRINGS_H 1
| #define HAVE_SYS_STAT_H 1
| #define HAVE_SYS_TYPES_H 1
| #define HAVE_UNISTD_H 1
| #define STDC_HEADERS 1
| #define HAVE_DLFCN_H 1
| #define LT_OBJDIR ".libs/"
| #define HAVE_PTHREAD_PRIO_INHERIT 1
| #define HAVE_PTHREAD 1
| #define HAVE_DECL_STRERROR_R 1
| #define HAVE_STRERROR_R 1
| #define STRERROR_R_CHAR_P 1
| #define HAVE_FUNC_ATTRIBUTE_VISIBILITY 1
| #define HAVE_ENDIAN_H 1
| #define HAVE_BYTESWAP_H 1
| #define HAVE_STDIO_H 1
| #define HAVE_STDLIB_H 1
| #define HAVE_UNISTD_H 1
| #define HAVE_STRINGS_H 1
| #define HAVE_SYS_TYPES_H 1
| #define HAVE_SYS_STAT_H 1
| #define HAVE_SYS_SELECT_H 1
| #define HAVE_SYS_PRCTL_H 1
| #define HAVE_DECL_STRNLEN 1
| #define HAVE_DECL_DAEMON 1
| #define HAVE_DECL_LE16TOH 1
| #define HAVE_DECL_LE32TOH 1
| #define HAVE_DECL_LE64TOH 1
| #define HAVE_DECL_HTOLE16 1
| #define HAVE_DECL_HTOLE32 1
| #define HAVE_DECL_HTOLE64 1
| #define HAVE_DECL_BE16TOH 1
| #define HAVE_DECL_BE32TOH 1
| #define HAVE_DECL_BE64TOH 1
| #define HAVE_DECL_HTOBE16 1
| #define HAVE_DECL_HTOBE32 1
| #define HAVE_DECL_HTOBE64 1
| #define HAVE_DECL_BSWAP_16 1
| #define HAVE_DECL_BSWAP_32 1
| #define HAVE_DECL_BSWAP_64 1
| #define HAVE_DECL___BUILTIN_CLZ 1
| #define HAVE_DECL___BUILTIN_CLZL 1
| #define HAVE_DECL___BUILTIN_CLZLL 1
| #define HAVE_MSG_NOSIGNAL 1
| #define HAVE_MALLOPT_ARENA_MAX 1
| #define HAVE_VISIBILITY_ATTRIBUTE 1
| #define HAVE_SYS_GETRANDOM 1
| #define HAVE_GETENTROPY 1
| #define HAVE_GETENTROPY_RAND 1
| /* end confdefs.h.  */
| 
|       #include <bdb5.3/db_cxx.h>
| 
| int
| main (void)
| {
| 
|       #if !((DB_VERSION_MAJOR == 5 && DB_VERSION_MINOR >= 3) || DB_VERSION_MAJOR > 5)
|         #error "failed to find bdb 5.3+"
|       #endif
| 
|   ;
|   return 0;
| }
configure:26465: g++ -std=c++11 -c -g -O2 -Wall -Wextra -Wformat -Wvla -Wformat-security -Wno-unused-parameter  -DHAVE_BUILD_INFO -D__STDC_FORMAT_MACROS conftest.cpp >&5
conftest.cpp:65:16: fatal error: libdb5.3/db_cxx.h: No such file or directory
   65 |       #include <libdb5.3/db_cxx.h>
      |                ^~~~~~~~~~~~~~~~~~~
compilation terminated.
configure:26465: $? = 1
configure: failed program was:
| /* confdefs.h */
| #define PACKAGE_NAME "Dogecoin Core"
| #define PACKAGE_TARNAME "dogecoin"
| #define PACKAGE_VERSION "1.14.99"
| #define PACKAGE_STRING "Dogecoin Core 1.14.99"
| #define PACKAGE_BUGREPORT "https://github.com/dogecoin/dogecoin/issues"
| #define PACKAGE_URL "https://dogecoin.com/"
| #define HAVE_CXX11 1
| #define HAVE_STDIO_H 1
| #define HAVE_STDLIB_H 1
| #define HAVE_STRING_H 1
| #define HAVE_INTTYPES_H 1
| #define HAVE_STDINT_H 1
| #define HAVE_STRINGS_H 1
| #define HAVE_SYS_STAT_H 1
| #define HAVE_SYS_TYPES_H 1
| #define HAVE_UNISTD_H 1
| #define STDC_HEADERS 1
| #define HAVE_DLFCN_H 1
| #define LT_OBJDIR ".libs/"
| #define HAVE_PTHREAD_PRIO_INHERIT 1
| #define HAVE_PTHREAD 1
| #define HAVE_DECL_STRERROR_R 1
| #define HAVE_STRERROR_R 1
| #define STRERROR_R_CHAR_P 1
| #define HAVE_FUNC_ATTRIBUTE_VISIBILITY 1
| #define HAVE_ENDIAN_H 1
| #define HAVE_BYTESWAP_H 1
| #define HAVE_STDIO_H 1
| #define HAVE_STDLIB_H 1
| #define HAVE_UNISTD_H 1
| #define HAVE_STRINGS_H 1
| #define HAVE_SYS_TYPES_H 1
| #define HAVE_SYS_STAT_H 1
| #define HAVE_SYS_SELECT_H 1
| #define HAVE_SYS_PRCTL_H 1
| #define HAVE_DECL_STRNLEN 1
| #define HAVE_DECL_DAEMON 1
| #define HAVE_DECL_LE16TOH 1
| #define HAVE_DECL_LE32TOH 1
| #define HAVE_DECL_LE64TOH 1
| #define HAVE_DECL_HTOLE16 1
| #define HAVE_DECL_HTOLE32 1
| #define HAVE_DECL_HTOLE64 1
| #define HAVE_DECL_BE16TOH 1
| #define HAVE_DECL_BE32TOH 1
| #define HAVE_DECL_BE64TOH 1
| #define HAVE_DECL_HTOBE16 1
| #define HAVE_DECL_HTOBE32 1
| #define HAVE_DECL_HTOBE64 1
| #define HAVE_DECL_BSWAP_16 1
| #define HAVE_DECL_BSWAP_32 1
| #define HAVE_DECL_BSWAP_64 1
| #define HAVE_DECL___BUILTIN_CLZ 1
| #define HAVE_DECL___BUILTIN_CLZL 1
| #define HAVE_DECL___BUILTIN_CLZLL 1
| #define HAVE_MSG_NOSIGNAL 1
| #define HAVE_MALLOPT_ARENA_MAX 1
| #define HAVE_VISIBILITY_ATTRIBUTE 1
| #define HAVE_SYS_GETRANDOM 1
| #define HAVE_GETENTROPY 1
| #define HAVE_GETENTROPY_RAND 1
| /* end confdefs.h.  */
| 
|       #include <libdb5.3/db_cxx.h>
| 
| int
| main (void)
| {
| 
|       #if !((DB_VERSION_MAJOR == 5 && DB_VERSION_MINOR >= 3) || DB_VERSION_MAJOR > 5)
|         #error "failed to find bdb 5.3+"
|       #endif
| 
|   ;
|   return 0;
| }
configure:26465: g++ -std=c++11 -c -g -O2 -Wall -Wextra -Wformat -Wvla -Wformat-security -Wno-unused-parameter  -DHAVE_BUILD_INFO -D__STDC_FORMAT_MACROS conftest.cpp >&5
conftest.cpp:65:16: fatal error: db5.3/db_cxx.h: No such file or directory
   65 |       #include <db5.3/db_cxx.h>
      |                ^~~~~~~~~~~~~~~~
compilation terminated.
configure:26465: $? = 1
configure: failed program was:
| /* confdefs.h */
| #define PACKAGE_NAME "Dogecoin Core"
| #define PACKAGE_TARNAME "dogecoin"
| #define PACKAGE_VERSION "1.14.99"
| #define PACKAGE_STRING "Dogecoin Core 1.14.99"
| #define PACKAGE_BUGREPORT "https://github.com/dogecoin/dogecoin/issues"
| #define PACKAGE_URL "https://dogecoin.com/"
| #define HAVE_CXX11 1
| #define HAVE_STDIO_H 1
| #define HAVE_STDLIB_H 1
| #define HAVE_STRING_H 1
| #define HAVE_INTTYPES_H 1
| #define HAVE_STDINT_H 1
| #define HAVE_STRINGS_H 1
| #define HAVE_SYS_STAT_H 1
| #define HAVE_SYS_TYPES_H 1
| #define HAVE_UNISTD_H 1
| #define STDC_HEADERS 1
| #define HAVE_DLFCN_H 1
| #define LT_OBJDIR ".libs/"
| #define HAVE_PTHREAD_PRIO_INHERIT 1
| #define HAVE_PTHREAD 1
| #define HAVE_DECL_STRERROR_R 1
| #define HAVE_STRERROR_R 1
| #define STRERROR_R_CHAR_P 1
| #define HAVE_FUNC_ATTRIBUTE_VISIBILITY 1
| #define HAVE_ENDIAN_H 1
| #define HAVE_BYTESWAP_H 1
| #define HAVE_STDIO_H 1
| #define HAVE_STDLIB_H 1
| #define HAVE_UNISTD_H 1
| #define HAVE_STRINGS_H 1
| #define HAVE_SYS_TYPES_H 1
| #define HAVE_SYS_STAT_H 1
| #define HAVE_SYS_SELECT_H 1
| #define HAVE_SYS_PRCTL_H 1
| #define HAVE_DECL_STRNLEN 1
| #define HAVE_DECL_DAEMON 1
| #define HAVE_DECL_LE16TOH 1
| #define HAVE_DECL_LE32TOH 1
| #define HAVE_DECL_LE64TOH 1
| #define HAVE_DECL_HTOLE16 1
| #define HAVE_DECL_HTOLE32 1
| #define HAVE_DECL_HTOLE64 1
| #define HAVE_DECL_BE16TOH 1
| #define HAVE_DECL_BE32TOH 1
| #define HAVE_DECL_BE64TOH 1
| #define HAVE_DECL_HTOBE16 1
| #define HAVE_DECL_HTOBE32 1
| #define HAVE_DECL_HTOBE64 1
| #define HAVE_DECL_BSWAP_16 1
| #define HAVE_DECL_BSWAP_32 1
| #define HAVE_DECL_BSWAP_64 1
| #define HAVE_DECL___BUILTIN_CLZ 1
| #define HAVE_DECL___BUILTIN_CLZL 1
| #define HAVE_DECL___BUILTIN_CLZLL 1
| #define HAVE_MSG_NOSIGNAL 1
| #define HAVE_MALLOPT_ARENA_MAX 1
| #define HAVE_VISIBILITY_ATTRIBUTE 1
| #define HAVE_SYS_GETRANDOM 1
| #define HAVE_GETENTROPY 1
| #define HAVE_GETENTROPY_RAND 1
| /* end confdefs.h.  */
| 
|       #include <db5.3/db_cxx.h>
| 
| int
| main (void)
| {
| 
|       #if !((DB_VERSION_MAJOR == 5 && DB_VERSION_MINOR >= 3) || DB_VERSION_MAJOR > 5)
|         #error "failed to find bdb 5.3+"
|       #endif
| 
|   ;
|   return 0;
| }
configure:26465: g++ -std=c++11 -c -g -O2 -Wall -Wextra -Wformat -Wvla -Wformat-security -Wno-unused-parameter  -DHAVE_BUILD_INFO -D__STDC_FORMAT_MACROS conftest.cpp >&5
conftest.cpp:65:16: fatal error: bdb53/db_cxx.h: No such file or directory
   65 |       #include <bdb53/db_cxx.h>
      |                ^~~~~~~~~~~~~~~~
compilation terminated.
configure:26465: $? = 1
configure: failed program was:
| /* confdefs.h */
| #define PACKAGE_NAME "Dogecoin Core"
| #define PACKAGE_TARNAME "dogecoin"
| #define PACKAGE_VERSION "1.14.99"
| #define PACKAGE_STRING "Dogecoin Core 1.14.99"
| #define PACKAGE_BUGREPORT "https://github.com/dogecoin/dogecoin/issues"
| #define PACKAGE_URL "https://dogecoin.com/"
| #define HAVE_CXX11 1
| #define HAVE_STDIO_H 1
| #define HAVE_STDLIB_H 1
| #define HAVE_STRING_H 1
| #define HAVE_INTTYPES_H 1
| #define HAVE_STDINT_H 1
| #define HAVE_STRINGS_H 1
| #define HAVE_SYS_STAT_H 1
| #define HAVE_SYS_TYPES_H 1
| #define HAVE_UNISTD_H 1
| #define STDC_HEADERS 1
| #define HAVE_DLFCN_H 1
| #define LT_OBJDIR ".libs/"
| #define HAVE_PTHREAD_PRIO_INHERIT 1
| #define HAVE_PTHREAD 1
| #define HAVE_DECL_STRERROR_R 1
| #define HAVE_STRERROR_R 1
| #define STRERROR_R_CHAR_P 1
| #define HAVE_FUNC_ATTRIBUTE_VISIBILITY 1
| #define HAVE_ENDIAN_H 1
| #define HAVE_BYTESWAP_H 1
| #define HAVE_STDIO_H 1
| #define HAVE_STDLIB_H 1
| #define HAVE_UNISTD_H 1
| #define HAVE_STRINGS_H 1
| #define HAVE_SYS_TYPES_H 1
| #define HAVE_SYS_STAT_H 1
| #define HAVE_SYS_SELECT_H 1
| #define HAVE_SYS_PRCTL_H 1
| #define HAVE_DECL_STRNLEN 1
| #define HAVE_DECL_DAEMON 1
| #define HAVE_DECL_LE16TOH 1
| #define HAVE_DECL_LE32TOH 1
| #define HAVE_DECL_LE64TOH 1
| #define HAVE_DECL_HTOLE16 1
| #define HAVE_DECL_HTOLE32 1
| #define HAVE_DECL_HTOLE64 1
| #define HAVE_DECL_BE16TOH 1
| #define HAVE_DECL_BE32TOH 1
| #define HAVE_DECL_BE64TOH 1
| #define HAVE_DECL_HTOBE16 1
| #define HAVE_DECL_HTOBE32 1
| #define HAVE_DECL_HTOBE64 1
| #define HAVE_DECL_BSWAP_16 1
| #define HAVE_DECL_BSWAP_32 1
| #define HAVE_DECL_BSWAP_64 1
| #define HAVE_DECL___BUILTIN_CLZ 1
| #define HAVE_DECL___BUILTIN_CLZL 1
| #define HAVE_DECL___BUILTIN_CLZLL 1
| #define HAVE_MSG_NOSIGNAL 1
| #define HAVE_MALLOPT_ARENA_MAX 1
| #define HAVE_VISIBILITY_ATTRIBUTE 1
| #define HAVE_SYS_GETRANDOM 1
| #define HAVE_GETENTROPY 1
| #define HAVE_GETENTROPY_RAND 1
| /* end confdefs.h.  */
| 
|       #include <bdb53/db_cxx.h>
| 
| int
| main (void)
| {
| 
|       #if !((DB_VERSION_MAJOR == 5 && DB_VERSION_MINOR >= 3) || DB_VERSION_MAJOR > 5)
|         #error "failed to find bdb 5.3+"
|       #endif
| 
|   ;
|   return 0;
| }
configure:26465: g++ -std=c++11 -c -g -O2 -Wall -Wextra -Wformat -Wvla -Wformat-security -Wno-unused-parameter  -DHAVE_BUILD_INFO -D__STDC_FORMAT_MACROS conftest.cpp >&5
conftest.cpp:65:16: fatal error: libdb53/db_cxx.h: No such file or directory
   65 |       #include <libdb53/db_cxx.h>
      |                ^~~~~~~~~~~~~~~~~~
compilation terminated.
configure:26465: $? = 1
configure: failed program was:
| /* confdefs.h */
| #define PACKAGE_NAME "Dogecoin Core"
| #define PACKAGE_TARNAME "dogecoin"
| #define PACKAGE_VERSION "1.14.99"
| #define PACKAGE_STRING "Dogecoin Core 1.14.99"
| #define PACKAGE_BUGREPORT "https://github.com/dogecoin/dogecoin/issues"
| #define PACKAGE_URL "https://dogecoin.com/"
| #define HAVE_CXX11 1
| #define HAVE_STDIO_H 1
| #define HAVE_STDLIB_H 1
| #define HAVE_STRING_H 1
| #define HAVE_INTTYPES_H 1
| #define HAVE_STDINT_H 1
| #define HAVE_STRINGS_H 1
| #define HAVE_SYS_STAT_H 1
| #define HAVE_SYS_TYPES_H 1
| #define HAVE_UNISTD_H 1
| #define STDC_HEADERS 1
| #define HAVE_DLFCN_H 1
| #define LT_OBJDIR ".libs/"
| #define HAVE_PTHREAD_PRIO_INHERIT 1
| #define HAVE_PTHREAD 1
| #define HAVE_DECL_STRERROR_R 1
| #define HAVE_STRERROR_R 1
| #define STRERROR_R_CHAR_P 1
| #define HAVE_FUNC_ATTRIBUTE_VISIBILITY 1
| #define HAVE_ENDIAN_H 1
| #define HAVE_BYTESWAP_H 1
| #define HAVE_STDIO_H 1
| #define HAVE_STDLIB_H 1
| #define HAVE_UNISTD_H 1
| #define HAVE_STRINGS_H 1
| #define HAVE_SYS_TYPES_H 1
| #define HAVE_SYS_STAT_H 1
| #define HAVE_SYS_SELECT_H 1
| #define HAVE_SYS_PRCTL_H 1
| #define HAVE_DECL_STRNLEN 1
| #define HAVE_DECL_DAEMON 1
| #define HAVE_DECL_LE16TOH 1
| #define HAVE_DECL_LE32TOH 1
| #define HAVE_DECL_LE64TOH 1
| #define HAVE_DECL_HTOLE16 1
| #define HAVE_DECL_HTOLE32 1
| #define HAVE_DECL_HTOLE64 1
| #define HAVE_DECL_BE16TOH 1
| #define HAVE_DECL_BE32TOH 1
| #define HAVE_DECL_BE64TOH 1
| #define HAVE_DECL_HTOBE16 1
| #define HAVE_DECL_HTOBE32 1
| #define HAVE_DECL_HTOBE64 1
| #define HAVE_DECL_BSWAP_16 1
| #define HAVE_DECL_BSWAP_32 1
| #define HAVE_DECL_BSWAP_64 1
| #define HAVE_DECL___BUILTIN_CLZ 1
| #define HAVE_DECL___BUILTIN_CLZL 1
| #define HAVE_DECL___BUILTIN_CLZLL 1
| #define HAVE_MSG_NOSIGNAL 1
| #define HAVE_MALLOPT_ARENA_MAX 1
| #define HAVE_VISIBILITY_ATTRIBUTE 1
| #define HAVE_SYS_GETRANDOM 1
| #define HAVE_GETENTROPY 1
| #define HAVE_GETENTROPY_RAND 1
| /* end confdefs.h.  */
| 
|       #include <libdb53/db_cxx.h>
| 
| int
| main (void)
| {
| 
|       #if !((DB_VERSION_MAJOR == 5 && DB_VERSION_MINOR >= 3) || DB_VERSION_MAJOR > 5)
|         #error "failed to find bdb 5.3+"
|       #endif
| 
|   ;
|   return 0;
| }
configure:26465: g++ -std=c++11 -c -g -O2 -Wall -Wextra -Wformat -Wvla -Wformat-security -Wno-unused-parameter  -DHAVE_BUILD_INFO -D__STDC_FORMAT_MACROS conftest.cpp >&5
conftest.cpp:65:16: fatal error: db53/db_cxx.h: No such file or directory
   65 |       #include <db53/db_cxx.h>
      |                ^~~~~~~~~~~~~~~
compilation terminated.
configure:26465: $? = 1
configure: failed program was:
| /* confdefs.h */
| #define PACKAGE_NAME "Dogecoin Core"
| #define PACKAGE_TARNAME "dogecoin"
| #define PACKAGE_VERSION "1.14.99"
| #define PACKAGE_STRING "Dogecoin Core 1.14.99"
| #define PACKAGE_BUGREPORT "https://github.com/dogecoin/dogecoin/issues"
| #define PACKAGE_URL "https://dogecoin.com/"
| #define HAVE_CXX11 1
| #define HAVE_STDIO_H 1
| #define HAVE_STDLIB_H 1
| #define HAVE_STRING_H 1
| #define HAVE_INTTYPES_H 1
| #define HAVE_STDINT_H 1
| #define HAVE_STRINGS_H 1
| #define HAVE_SYS_STAT_H 1
| #define HAVE_SYS_TYPES_H 1
| #define HAVE_UNISTD_H 1
| #define STDC_HEADERS 1
| #define HAVE_DLFCN_H 1
| #define LT_OBJDIR ".libs/"
| #define HAVE_PTHREAD_PRIO_INHERIT 1
| #define HAVE_PTHREAD 1
| #define HAVE_DECL_STRERROR_R 1
| #define HAVE_STRERROR_R 1
| #define STRERROR_R_CHAR_P 1
| #define HAVE_FUNC_ATTRIBUTE_VISIBILITY 1
| #define HAVE_ENDIAN_H 1
| #define HAVE_BYTESWAP_H 1
| #define HAVE_STDIO_H 1
| #define HAVE_STDLIB_H 1
| #define HAVE_UNISTD_H 1
| #define HAVE_STRINGS_H 1
| #define HAVE_SYS_TYPES_H 1
| #define HAVE_SYS_STAT_H 1
| #define HAVE_SYS_SELECT_H 1
| #define HAVE_SYS_PRCTL_H 1
| #define HAVE_DECL_STRNLEN 1
| #define HAVE_DECL_DAEMON 1
| #define HAVE_DECL_LE16TOH 1
| #define HAVE_DECL_LE32TOH 1
| #define HAVE_DECL_LE64TOH 1
| #define HAVE_DECL_HTOLE16 1
| #define HAVE_DECL_HTOLE32 1
| #define HAVE_DECL_HTOLE64 1
| #define HAVE_DECL_BE16TOH 1
| #define HAVE_DECL_BE32TOH 1
| #define HAVE_DECL_BE64TOH 1
| #define HAVE_DECL_HTOBE16 1
| #define HAVE_DECL_HTOBE32 1
| #define HAVE_DECL_HTOBE64 1
| #define HAVE_DECL_BSWAP_16 1
| #define HAVE_DECL_BSWAP_32 1
| #define HAVE_DECL_BSWAP_64 1
| #define HAVE_DECL___BUILTIN_CLZ 1
| #define HAVE_DECL___BUILTIN_CLZL 1
| #define HAVE_DECL___BUILTIN_CLZLL 1
| #define HAVE_MSG_NOSIGNAL 1
| #define HAVE_MALLOPT_ARENA_MAX 1
| #define HAVE_VISIBILITY_ATTRIBUTE 1
| #define HAVE_SYS_GETRANDOM 1
| #define HAVE_GETENTROPY 1
| #define HAVE_GETENTROPY_RAND 1
| /* end confdefs.h.  */
| 
|       #include <db53/db_cxx.h>
| 
| int
| main (void)
| {
| 
|       #if !((DB_VERSION_MAJOR == 5 && DB_VERSION_MINOR >= 3) || DB_VERSION_MAJOR > 5)
|         #error "failed to find bdb 5.3+"
|       #endif
| 
|   ;
|   return 0;
| }
configure:26465: g++ -std=c++11 -c -g -O2 -Wall -Wextra -Wformat -Wvla -Wformat-security -Wno-unused-parameter  -DHAVE_BUILD_INFO -D__STDC_FORMAT_MACROS conftest.cpp >&5
conftest.cpp:65:16: fatal error: bdb5/db_cxx.h: No such file or directory
   65 |       #include <bdb5/db_cxx.h>
      |                ^~~~~~~~~~~~~~~
compilation terminated.
configure:26465: $? = 1
configure: failed program was:
| /* confdefs.h */
| #define PACKAGE_NAME "Dogecoin Core"
| #define PACKAGE_TARNAME "dogecoin"
| #define PACKAGE_VERSION "1.14.99"
| #define PACKAGE_STRING "Dogecoin Core 1.14.99"
| #define PACKAGE_BUGREPORT "https://github.com/dogecoin/dogecoin/issues"
| #define PACKAGE_URL "https://dogecoin.com/"
| #define HAVE_CXX11 1
| #define HAVE_STDIO_H 1
| #define HAVE_STDLIB_H 1
| #define HAVE_STRING_H 1
| #define HAVE_INTTYPES_H 1
| #define HAVE_STDINT_H 1
| #define HAVE_STRINGS_H 1
| #define HAVE_SYS_STAT_H 1
| #define HAVE_SYS_TYPES_H 1
| #define HAVE_UNISTD_H 1
| #define STDC_HEADERS 1
| #define HAVE_DLFCN_H 1
| #define LT_OBJDIR ".libs/"
| #define HAVE_PTHREAD_PRIO_INHERIT 1
| #define HAVE_PTHREAD 1
| #define HAVE_DECL_STRERROR_R 1
| #define HAVE_STRERROR_R 1
| #define STRERROR_R_CHAR_P 1
| #define HAVE_FUNC_ATTRIBUTE_VISIBILITY 1
| #define HAVE_ENDIAN_H 1
| #define HAVE_BYTESWAP_H 1
| #define HAVE_STDIO_H 1
| #define HAVE_STDLIB_H 1
| #define HAVE_UNISTD_H 1
| #define HAVE_STRINGS_H 1
| #define HAVE_SYS_TYPES_H 1
| #define HAVE_SYS_STAT_H 1
| #define HAVE_SYS_SELECT_H 1
| #define HAVE_SYS_PRCTL_H 1
| #define HAVE_DECL_STRNLEN 1
| #define HAVE_DECL_DAEMON 1
| #define HAVE_DECL_LE16TOH 1
| #define HAVE_DECL_LE32TOH 1
| #define HAVE_DECL_LE64TOH 1
| #define HAVE_DECL_HTOLE16 1
| #define HAVE_DECL_HTOLE32 1
| #define HAVE_DECL_HTOLE64 1
| #define HAVE_DECL_BE16TOH 1
| #define HAVE_DECL_BE32TOH 1
| #define HAVE_DECL_BE64TOH 1
| #define HAVE_DECL_HTOBE16 1
| #define HAVE_DECL_HTOBE32 1
| #define HAVE_DECL_HTOBE64 1
| #define HAVE_DECL_BSWAP_16 1
| #define HAVE_DECL_BSWAP_32 1
| #define HAVE_DECL_BSWAP_64 1
| #define HAVE_DECL___BUILTIN_CLZ 1
| #define HAVE_DECL___BUILTIN_CLZL 1
| #define HAVE_DECL___BUILTIN_CLZLL 1
| #define HAVE_MSG_NOSIGNAL 1
| #define HAVE_MALLOPT_ARENA_MAX 1
| #define HAVE_VISIBILITY_ATTRIBUTE 1
| #define HAVE_SYS_GETRANDOM 1
| #define HAVE_GETENTROPY 1
| #define HAVE_GETENTROPY_RAND 1
| /* end confdefs.h.  */
| 
|       #include <bdb5/db_cxx.h>
| 
| int
| main (void)
| {
| 
|       #if !((DB_VERSION_MAJOR == 5 && DB_VERSION_MINOR >= 3) || DB_VERSION_MAJOR > 5)
|         #error "failed to find bdb 5.3+"
|       #endif
| 
|   ;
|   return 0;
| }
configure:26465: g++ -std=c++11 -c -g -O2 -Wall -Wextra -Wformat -Wvla -Wformat-security -Wno-unused-parameter  -DHAVE_BUILD_INFO -D__STDC_FORMAT_MACROS conftest.cpp >&5
conftest.cpp:65:16: fatal error: libdb5/db_cxx.h: No such file or directory
   65 |       #include <libdb5/db_cxx.h>
      |                ^~~~~~~~~~~~~~~~~
compilation terminated.
configure:26465: $? = 1
configure: failed program was:
| /* confdefs.h */
| #define PACKAGE_NAME "Dogecoin Core"
| #define PACKAGE_TARNAME "dogecoin"
| #define PACKAGE_VERSION "1.14.99"
| #define PACKAGE_STRING "Dogecoin Core 1.14.99"
| #define PACKAGE_BUGREPORT "https://github.com/dogecoin/dogecoin/issues"
| #define PACKAGE_URL "https://dogecoin.com/"
| #define HAVE_CXX11 1
| #define HAVE_STDIO_H 1
| #define HAVE_STDLIB_H 1
| #define HAVE_STRING_H 1
| #define HAVE_INTTYPES_H 1
| #define HAVE_STDINT_H 1
| #define HAVE_STRINGS_H 1
| #define HAVE_SYS_STAT_H 1
| #define HAVE_SYS_TYPES_H 1
| #define HAVE_UNISTD_H 1
| #define STDC_HEADERS 1
| #define HAVE_DLFCN_H 1
| #define LT_OBJDIR ".libs/"
| #define HAVE_PTHREAD_PRIO_INHERIT 1
| #define HAVE_PTHREAD 1
| #define HAVE_DECL_STRERROR_R 1
| #define HAVE_STRERROR_R 1
| #define STRERROR_R_CHAR_P 1
| #define HAVE_FUNC_ATTRIBUTE_VISIBILITY 1
| #define HAVE_ENDIAN_H 1
| #define HAVE_BYTESWAP_H 1
| #define HAVE_STDIO_H 1
| #define HAVE_STDLIB_H 1
| #define HAVE_UNISTD_H 1
| #define HAVE_STRINGS_H 1
| #define HAVE_SYS_TYPES_H 1
| #define HAVE_SYS_STAT_H 1
| #define HAVE_SYS_SELECT_H 1
| #define HAVE_SYS_PRCTL_H 1
| #define HAVE_DECL_STRNLEN 1
| #define HAVE_DECL_DAEMON 1
| #define HAVE_DECL_LE16TOH 1
| #define HAVE_DECL_LE32TOH 1
| #define HAVE_DECL_LE64TOH 1
| #define HAVE_DECL_HTOLE16 1
| #define HAVE_DECL_HTOLE32 1
| #define HAVE_DECL_HTOLE64 1
| #define HAVE_DECL_BE16TOH 1
| #define HAVE_DECL_BE32TOH 1
| #define HAVE_DECL_BE64TOH 1
| #define HAVE_DECL_HTOBE16 1
| #define HAVE_DECL_HTOBE32 1
| #define HAVE_DECL_HTOBE64 1
| #define HAVE_DECL_BSWAP_16 1
| #define HAVE_DECL_BSWAP_32 1
| #define HAVE_DECL_BSWAP_64 1
| #define HAVE_DECL___BUILTIN_CLZ 1
| #define HAVE_DECL___BUILTIN_CLZL 1
| #define HAVE_DECL___BUILTIN_CLZLL 1
| #define HAVE_MSG_NOSIGNAL 1
| #define HAVE_MALLOPT_ARENA_MAX 1
| #define HAVE_VISIBILITY_ATTRIBUTE 1
| #define HAVE_SYS_GETRANDOM 1
| #define HAVE_GETENTROPY 1
| #define HAVE_GETENTROPY_RAND 1
| /* end confdefs.h.  */
| 
|       #include <libdb5/db_cxx.h>
| 
| int
| main (void)
| {
| 
|       #if !((DB_VERSION_MAJOR == 5 && DB_VERSION_MINOR >= 3) || DB_VERSION_MAJOR > 5)
|         #error "failed to find bdb 5.3+"
|       #endif
| 
|   ;
|   return 0;
| }
configure:26465: g++ -std=c++11 -c -g -O2 -Wall -Wextra -Wformat -Wvla -Wformat-security -Wno-unused-parameter  -DHAVE_BUILD_INFO -D__STDC_FORMAT_MACROS conftest.cpp >&5
conftest.cpp:65:16: fatal error: db5/db_cxx.h: No such file or directory
   65 |       #include <db5/db_cxx.h>
      |                ^~~~~~~~~~~~~~
compilation terminated.
configure:26465: $? = 1
configure: failed program was:
| /* confdefs.h */
| #define PACKAGE_NAME "Dogecoin Core"
| #define PACKAGE_TARNAME "dogecoin"
| #define PACKAGE_VERSION "1.14.99"
| #define PACKAGE_STRING "Dogecoin Core 1.14.99"
| #define PACKAGE_BUGREPORT "https://github.com/dogecoin/dogecoin/issues"
| #define PACKAGE_URL "https://dogecoin.com/"
| #define HAVE_CXX11 1
| #define HAVE_STDIO_H 1
| #define HAVE_STDLIB_H 1
| #define HAVE_STRING_H 1
| #define HAVE_INTTYPES_H 1
| #define HAVE_STDINT_H 1
| #define HAVE_STRINGS_H 1
| #define HAVE_SYS_STAT_H 1
| #define HAVE_SYS_TYPES_H 1
| #define HAVE_UNISTD_H 1
| #define STDC_HEADERS 1
| #define HAVE_DLFCN_H 1
| #define LT_OBJDIR ".libs/"
| #define HAVE_PTHREAD_PRIO_INHERIT 1
| #define HAVE_PTHREAD 1
| #define HAVE_DECL_STRERROR_R 1
| #define HAVE_STRERROR_R 1
| #define STRERROR_R_CHAR_P 1
| #define HAVE_FUNC_ATTRIBUTE_VISIBILITY 1
| #define HAVE_ENDIAN_H 1
| #define HAVE_BYTESWAP_H 1
| #define HAVE_STDIO_H 1
| #define HAVE_STDLIB_H 1
| #define HAVE_UNISTD_H 1
| #define HAVE_STRINGS_H 1
| #define HAVE_SYS_TYPES_H 1
| #define HAVE_SYS_STAT_H 1
| #define HAVE_SYS_SELECT_H 1
| #define HAVE_SYS_PRCTL_H 1
| #define HAVE_DECL_STRNLEN 1
| #define HAVE_DECL_DAEMON 1
| #define HAVE_DECL_LE16TOH 1
| #define HAVE_DECL_LE32TOH 1
| #define HAVE_DECL_LE64TOH 1
| #define HAVE_DECL_HTOLE16 1
| #define HAVE_DECL_HTOLE32 1
| #define HAVE_DECL_HTOLE64 1
| #define HAVE_DECL_BE16TOH 1
| #define HAVE_DECL_BE32TOH 1
| #define HAVE_DECL_BE64TOH 1
| #define HAVE_DECL_HTOBE16 1
| #define HAVE_DECL_HTOBE32 1
| #define HAVE_DECL_HTOBE64 1
| #define HAVE_DECL_BSWAP_16 1
| #define HAVE_DECL_BSWAP_32 1
| #define HAVE_DECL_BSWAP_64 1
| #define HAVE_DECL___BUILTIN_CLZ 1
| #define HAVE_DECL___BUILTIN_CLZL 1
| #define HAVE_DECL___BUILTIN_CLZLL 1
| #define HAVE_MSG_NOSIGNAL 1
| #define HAVE_MALLOPT_ARENA_MAX 1
| #define HAVE_VISIBILITY_ATTRIBUTE 1
| #define HAVE_SYS_GETRANDOM 1
| #define HAVE_GETENTROPY 1
| #define HAVE_GETENTROPY_RAND 1
| /* end confdefs.h.  */
| 
|       #include <db5/db_cxx.h>
| 
| int
| main (void)
| {
| 
|       #if !((DB_VERSION_MAJOR == 5 && DB_VERSION_MINOR >= 3) || DB_VERSION_MAJOR > 5)
|         #error "failed to find bdb 5.3+"
|       #endif
| 
|   ;
|   return 0;
| }
configure:26465: g++ -std=c++11 -c -g -O2 -Wall -Wextra -Wformat -Wvla -Wformat-security -Wno-unused-parameter  -DHAVE_BUILD_INFO -D__STDC_FORMAT_MACROS conftest.cpp >&5
conftest.cpp:65:16: fatal error: bdb/db_cxx.h: No such file or directory
   65 |       #include <bdb/db_cxx.h>
      |                ^~~~~~~~~~~~~~
compilation terminated.
configure:26465: $? = 1
configure: failed program was:
| /* confdefs.h */
| #define PACKAGE_NAME "Dogecoin Core"
| #define PACKAGE_TARNAME "dogecoin"
| #define PACKAGE_VERSION "1.14.99"
| #define PACKAGE_STRING "Dogecoin Core 1.14.99"
| #define PACKAGE_BUGREPORT "https://github.com/dogecoin/dogecoin/issues"
| #define PACKAGE_URL "https://dogecoin.com/"
| #define HAVE_CXX11 1
| #define HAVE_STDIO_H 1
| #define HAVE_STDLIB_H 1
| #define HAVE_STRING_H 1
| #define HAVE_INTTYPES_H 1
| #define HAVE_STDINT_H 1
| #define HAVE_STRINGS_H 1
| #define HAVE_SYS_STAT_H 1
| #define HAVE_SYS_TYPES_H 1
| #define HAVE_UNISTD_H 1
| #define STDC_HEADERS 1
| #define HAVE_DLFCN_H 1
| #define LT_OBJDIR ".libs/"
| #define HAVE_PTHREAD_PRIO_INHERIT 1
| #define HAVE_PTHREAD 1
| #define HAVE_DECL_STRERROR_R 1
| #define HAVE_STRERROR_R 1
| #define STRERROR_R_CHAR_P 1
| #define HAVE_FUNC_ATTRIBUTE_VISIBILITY 1
| #define HAVE_ENDIAN_H 1
| #define HAVE_BYTESWAP_H 1
| #define HAVE_STDIO_H 1
| #define HAVE_STDLIB_H 1
| #define HAVE_UNISTD_H 1
| #define HAVE_STRINGS_H 1
| #define HAVE_SYS_TYPES_H 1
| #define HAVE_SYS_STAT_H 1
| #define HAVE_SYS_SELECT_H 1
| #define HAVE_SYS_PRCTL_H 1
| #define HAVE_DECL_STRNLEN 1
| #define HAVE_DECL_DAEMON 1
| #define HAVE_DECL_LE16TOH 1
| #define HAVE_DECL_LE32TOH 1
| #define HAVE_DECL_LE64TOH 1
| #define HAVE_DECL_HTOLE16 1
| #define HAVE_DECL_HTOLE32 1
| #define HAVE_DECL_HTOLE64 1
| #define HAVE_DECL_BE16TOH 1
| #define HAVE_DECL_BE32TOH 1
| #define HAVE_DECL_BE64TOH 1
| #define HAVE_DECL_HTOBE16 1
| #define HAVE_DECL_HTOBE32 1
| #define HAVE_DECL_HTOBE64 1
| #define HAVE_DECL_BSWAP_16 1
| #define HAVE_DECL_BSWAP_32 1
| #define HAVE_DECL_BSWAP_64 1
| #define HAVE_DECL___BUILTIN_CLZ 1
| #define HAVE_DECL___BUILTIN_CLZL 1
| #define HAVE_DECL___BUILTIN_CLZLL 1
| #define HAVE_MSG_NOSIGNAL 1
| #define HAVE_MALLOPT_ARENA_MAX 1
| #define HAVE_VISIBILITY_ATTRIBUTE 1
| #define HAVE_SYS_GETRANDOM 1
| #define HAVE_GETENTROPY 1
| #define HAVE_GETENTROPY_RAND 1
| /* end confdefs.h.  */
| 
|       #include <bdb/db_cxx.h>
| 
| int
| main (void)
| {
| 
|       #if !((DB_VERSION_MAJOR == 5 && DB_VERSION_MINOR >= 3) || DB_VERSION_MAJOR > 5)
|         #error "failed to find bdb 5.3+"
|       #endif
| 
|   ;
|   return 0;
| }
configure:26465: g++ -std=c++11 -c -g -O2 -Wall -Wextra -Wformat -Wvla -Wformat-security -Wno-unused-parameter  -DHAVE_BUILD_INFO -D__STDC_FORMAT_MACROS conftest.cpp >&5
conftest.cpp:65:16: fatal error: libdb/db_cxx.h: No such file or directory
   65 |       #include <libdb/db_cxx.h>
      |                ^~~~~~~~~~~~~~~~
compilation terminated.
configure:26465: $? = 1
configure: failed program was:
| /* confdefs.h */
| #define PACKAGE_NAME "Dogecoin Core"
| #define PACKAGE_TARNAME "dogecoin"
| #define PACKAGE_VERSION "1.14.99"
| #define PACKAGE_STRING "Dogecoin Core 1.14.99"
| #define PACKAGE_BUGREPORT "https://github.com/dogecoin/dogecoin/issues"
| #define PACKAGE_URL "https://dogecoin.com/"
| #define HAVE_CXX11 1
| #define HAVE_STDIO_H 1
| #define HAVE_STDLIB_H 1
| #define HAVE_STRING_H 1
| #define HAVE_INTTYPES_H 1
| #define HAVE_STDINT_H 1
| #define HAVE_STRINGS_H 1
| #define HAVE_SYS_STAT_H 1
| #define HAVE_SYS_TYPES_H 1
| #define HAVE_UNISTD_H 1
| #define STDC_HEADERS 1
| #define HAVE_DLFCN_H 1
| #define LT_OBJDIR ".libs/"
| #define HAVE_PTHREAD_PRIO_INHERIT 1
| #define HAVE_PTHREAD 1
| #define HAVE_DECL_STRERROR_R 1
| #define HAVE_STRERROR_R 1
| #define STRERROR_R_CHAR_P 1
| #define HAVE_FUNC_ATTRIBUTE_VISIBILITY 1
| #define HAVE_ENDIAN_H 1
| #define HAVE_BYTESWAP_H 1
| #define HAVE_STDIO_H 1
| #define HAVE_STDLIB_H 1
| #define HAVE_UNISTD_H 1
| #define HAVE_STRINGS_H 1
| #define HAVE_SYS_TYPES_H 1
| #define HAVE_SYS_STAT_H 1
| #define HAVE_SYS_SELECT_H 1
| #define HAVE_SYS_PRCTL_H 1
| #define HAVE_DECL_STRNLEN 1
| #define HAVE_DECL_DAEMON 1
| #define HAVE_DECL_LE16TOH 1
| #define HAVE_DECL_LE32TOH 1
| #define HAVE_DECL_LE64TOH 1
| #define HAVE_DECL_HTOLE16 1
| #define HAVE_DECL_HTOLE32 1
| #define HAVE_DECL_HTOLE64 1
| #define HAVE_DECL_BE16TOH 1
| #define HAVE_DECL_BE32TOH 1
| #define HAVE_DECL_BE64TOH 1
| #define HAVE_DECL_HTOBE16 1
| #define HAVE_DECL_HTOBE32 1
| #define HAVE_DECL_HTOBE64 1
| #define HAVE_DECL_BSWAP_16 1
| #define HAVE_DECL_BSWAP_32 1
| #define HAVE_DECL_BSWAP_64 1
| #define HAVE_DECL___BUILTIN_CLZ 1
| #define HAVE_DECL___BUILTIN_CLZL 1
| #define HAVE_DECL___BUILTIN_CLZLL 1
| #define HAVE_MSG_NOSIGNAL 1
| #define HAVE_MALLOPT_ARENA_MAX 1
| #define HAVE_VISIBILITY_ATTRIBUTE 1
| #define HAVE_SYS_GETRANDOM 1
| #define HAVE_GETENTROPY 1
| #define HAVE_GETENTROPY_RAND 1
| /* end confdefs.h.  */
| 
|       #include <libdb/db_cxx.h>
| 
| int
| main (void)
| {
| 
|       #if !((DB_VERSION_MAJOR == 5 && DB_VERSION_MINOR >= 3) || DB_VERSION_MAJOR > 5)
|         #error "failed to find bdb 5.3+"
|       #endif
| 
|   ;
|   return 0;
| }
configure:26465: g++ -std=c++11 -c -g -O2 -Wall -Wextra -Wformat -Wvla -Wformat-security -Wno-unused-parameter  -DHAVE_BUILD_INFO -D__STDC_FORMAT_MACROS conftest.cpp >&5
conftest.cpp:65:16: fatal error: db/db_cxx.h: No such file or directory
   65 |       #include <db/db_cxx.h>
      |                ^~~~~~~~~~~~~
compilation terminated.
configure:26465: $? = 1
configure: failed program was:
| /* confdefs.h */
| #define PACKAGE_NAME "Dogecoin Core"
| #define PACKAGE_TARNAME "dogecoin"
| #define PACKAGE_VERSION "1.14.99"
| #define PACKAGE_STRING "Dogecoin Core 1.14.99"
| #define PACKAGE_BUGREPORT "https://github.com/dogecoin/dogecoin/issues"
| #define PACKAGE_URL "https://dogecoin.com/"
| #define HAVE_CXX11 1
| #define HAVE_STDIO_H 1
| #define HAVE_STDLIB_H 1
| #define HAVE_STRING_H 1
| #define HAVE_INTTYPES_H 1
| #define HAVE_STDINT_H 1
| #define HAVE_STRINGS_H 1
| #define HAVE_SYS_STAT_H 1
| #define HAVE_SYS_TYPES_H 1
| #define HAVE_UNISTD_H 1
| #define STDC_HEADERS 1
| #define HAVE_DLFCN_H 1
| #define LT_OBJDIR ".libs/"
| #define HAVE_PTHREAD_PRIO_INHERIT 1
| #define HAVE_PTHREAD 1
| #define HAVE_DECL_STRERROR_R 1
| #define HAVE_STRERROR_R 1
| #define STRERROR_R_CHAR_P 1
| #define HAVE_FUNC_ATTRIBUTE_VISIBILITY 1
| #define HAVE_ENDIAN_H 1
| #define HAVE_BYTESWAP_H 1
| #define HAVE_STDIO_H 1
| #define HAVE_STDLIB_H 1
| #define HAVE_UNISTD_H 1
| #define HAVE_STRINGS_H 1
| #define HAVE_SYS_TYPES_H 1
| #define HAVE_SYS_STAT_H 1
| #define HAVE_SYS_SELECT_H 1
| #define HAVE_SYS_PRCTL_H 1
| #define HAVE_DECL_STRNLEN 1
| #define HAVE_DECL_DAEMON 1
| #define HAVE_DECL_LE16TOH 1
| #define HAVE_DECL_LE32TOH 1
| #define HAVE_DECL_LE64TOH 1
| #define HAVE_DECL_HTOLE16 1
| #define HAVE_DECL_HTOLE32 1
| #define HAVE_DECL_HTOLE64 1
| #define HAVE_DECL_BE16TOH 1
| #define HAVE_DECL_BE32TOH 1
| #define HAVE_DECL_BE64TOH 1
| #define HAVE_DECL_HTOBE16 1
| #define HAVE_DECL_HTOBE32 1
| #define HAVE_DECL_HTOBE64 1
| #define HAVE_DECL_BSWAP_16 1
| #define HAVE_DECL_BSWAP_32 1
| #define HAVE_DECL_BSWAP_64 1
| #define HAVE_DECL___BUILTIN_CLZ 1
| #define HAVE_DECL___BUILTIN_CLZL 1
| #define HAVE_DECL___BUILTIN_CLZLL 1
| #define HAVE_MSG_NOSIGNAL 1
| #define HAVE_MALLOPT_ARENA_MAX 1
| #define HAVE_VISIBILITY_ATTRIBUTE 1
| #define HAVE_SYS_GETRANDOM 1
| #define HAVE_GETENTROPY 1
| #define HAVE_GETENTROPY_RAND 1
| /* end confdefs.h.  */
| 
|       #include <db/db_cxx.h>
| 
| int
| main (void)
| {
| 
|       #if !((DB_VERSION_MAJOR == 5 && DB_VERSION_MINOR >= 3) || DB_VERSION_MAJOR > 5)
|         #error "failed to find bdb 5.3+"
|       #endif
| 
|   ;
|   return 0;
| }
configure:26465: g++ -std=c++11 -c -g -O2 -Wall -Wextra -Wformat -Wvla -Wformat-security -Wno-unused-parameter  -DHAVE_BUILD_INFO -D__STDC_FORMAT_MACROS conftest.cpp >&5
configure:26465: $? = 0
configure:26495: g++ -std=c++11 -c -g -O2 -Wall -Wextra -Wformat -Wvla -Wformat-security -Wno-unused-parameter  -DHAVE_BUILD_INFO -D__STDC_FORMAT_MACROS conftest.cpp >&5
configure:26495: $? = 0
configure:26540: result: default
configure:26566: checking for main in -ldb_cxx-5.3
configure:26588: g++ -std=c++11 -o conftest -g -O2 -Wall -Wextra -Wformat -Wvla -Wformat-security -Wno-unused-parameter  -DHAVE_BUILD_INFO -D__STDC_FORMAT_MACROS -L/usr/local/lib conftest.cpp -ldb_cxx-5.3  -largon2 >&5
configure:26588: $? = 0
configure:26599: result: yes
configure:26688: checking for miniupnpc/miniwget.h
configure:26688: g++ -std=c++11 -c -g -O2 -Wall -Wextra -Wformat -Wvla -Wformat-security -Wno-unused-parameter  -DHAVE_BUILD_INFO -D__STDC_FORMAT_MACROS conftest.cpp >&5
configure:26688: $? = 0
configure:26688: result: yes
configure:26694: checking for main in -lminiupnpc
configure:26716: g++ -std=c++11 -o conftest -g -O2 -Wall -Wextra -Wformat -Wvla -Wformat-security -Wno-unused-parameter  -DHAVE_BUILD_INFO -D__STDC_FORMAT_MACROS -L/usr/local/lib conftest.cpp -lminiupnpc  -largon2 >&5
configure:26716: $? = 0
configure:26726: result: yes
configure:26688: checking for miniupnpc/miniupnpc.h
configure:26688: g++ -std=c++11 -c -g -O2 -Wall -Wextra -Wformat -Wvla -Wformat-security -Wno-unused-parameter  -DHAVE_BUILD_INFO -D__STDC_FORMAT_MACROS conftest.cpp >&5
configure:26688: $? = 0
configure:26688: result: yes
configure:26694: checking for main in -lminiupnpc
configure:26726: result: yes
configure:26688: checking for miniupnpc/upnpcommands.h
configure:26688: g++ -std=c++11 -c -g -O2 -Wall -Wextra -Wformat -Wvla -Wformat-security -Wno-unused-parameter  -DHAVE_BUILD_INFO -D__STDC_FORMAT_MACROS conftest.cpp >&5
configure:26688: $? = 0
configure:26688: result: yes
configure:26694: checking for main in -lminiupnpc
configure:26726: result: yes
configure:26688: checking for miniupnpc/upnperrors.h
configure:26688: g++ -std=c++11 -c -g -O2 -Wall -Wextra -Wformat -Wvla -Wformat-security -Wno-unused-parameter  -DHAVE_BUILD_INFO -D__STDC_FORMAT_MACROS conftest.cpp >&5
configure:26688: $? = 0
configure:26688: result: yes
configure:26694: checking for main in -lminiupnpc
configure:26726: result: yes
configure:26839: checking for Qt5Core Qt5Gui Qt5Network Qt5Widgets Qt5PrintSupport
configure:26846: $PKG_CONFIG --exists --print-errors "$qt5_modules"
Package Qt5Core was not found in the pkg-config search path.
Perhaps you should add the directory containing `Qt5Core.pc'
to the PKG_CONFIG_PATH environment variable
Package 'Qt5Core', required by 'virtual:world', not found
Package 'Qt5Gui', required by 'virtual:world', not found
Package 'Qt5Network', required by 'virtual:world', not found
Package 'Qt5Widgets', required by 'virtual:world', not found
Package 'Qt5PrintSupport', required by 'virtual:world', not found
configure:26849: $? = 1
configure:26863: $PKG_CONFIG --exists --print-errors "$qt5_modules"
Package Qt5Core was not found in the pkg-config search path.
Perhaps you should add the directory containing `Qt5Core.pc'
to the PKG_CONFIG_PATH environment variable
Package 'Qt5Core', required by 'virtual:world', not found
Package 'Qt5Gui', required by 'virtual:world', not found
Package 'Qt5Network', required by 'virtual:world', not found
Package 'Qt5Widgets', required by 'virtual:world', not found
Package 'Qt5PrintSupport', required by 'virtual:world', not found
configure:26866: $? = 1
configure:26880: result: no
Package 'Qt5Core', required by 'virtual:world', not found
Package 'Qt5Gui', required by 'virtual:world', not found
Package 'Qt5Network', required by 'virtual:world', not found
Package 'Qt5Widgets', required by 'virtual:world', not found
Package 'Qt5PrintSupport', required by 'virtual:world', not found
configure:26915: WARNING: Qt dependencies not found; dogecoin-qt frontend will not be built
configure:29833: checking whether to build Dogecoin Core GUI
configure:29863: result: no (Qt5)
configure:29939: checking for boostlib >= 1.60.0
configure:30024: g++ -std=c++11 -c -g -O2 -Wall -Wextra -Wformat -Wvla -Wformat-security -Wno-unused-parameter  -DHAVE_BUILD_INFO -D__STDC_FORMAT_MACROS -I/usr/include conftest.cpp >&5
configure:30024: $? = 0
configure:30027: result: yes
configure:30175: result: ok
configure:30217: checking whether the Boost::System library is available
configure:30243: g++ -std=c++11 -c   -DHAVE_BUILD_INFO -D__STDC_FORMAT_MACROS -I/usr/include conftest.cpp >&5
configure:30243: $? = 0
configure:30259: result: yes
configure:30275: checking for exit in -lboost_system
configure:30297: g++ -std=c++11 -o conftest -g -O2 -Wall -Wextra -Wformat -Wvla -Wformat-security -Wno-unused-parameter  -DHAVE_BUILD_INFO -D__STDC_FORMAT_MACROS -I/usr/include -L/usr/local/lib -L/usr/lib/x86_64-linux-gnu conftest.cpp -lboost_system  -largon2 >&5
configure:30297: $? = 0
configure:30308: result: yes
configure:30463: checking whether the Boost::Filesystem library is available
configure:30488: g++ -std=c++11 -c -g -O2 -Wall -Wextra -Wformat -Wvla -Wformat-security -Wno-unused-parameter  -DHAVE_BUILD_INFO -D__STDC_FORMAT_MACROS -I/usr/include conftest.cpp >&5
configure:30488: $? = 0
configure:30503: result: yes
configure:30515: checking for exit in -lboost_filesystem
configure:30537: g++ -std=c++11 -o conftest -g -O2 -Wall -Wextra -Wformat -Wvla -Wformat-security -Wno-unused-parameter  -DHAVE_BUILD_INFO -D__STDC_FORMAT_MACROS -I/usr/include -L/usr/local/lib -L/usr/lib/x86_64-linux-gnu conftest.cpp -lboost_filesystem  -largon2 -lboost_system >&5
configure:30537: $? = 0
configure:30548: result: yes
configure:30698: checking whether the Boost::Program_Options library is available
configure:30723: g++ -std=c++11 -c -g -O2 -Wall -Wextra -Wformat -Wvla -Wformat-security -Wno-unused-parameter  -DHAVE_BUILD_INFO -D__STDC_FORMAT_MACROS -I/usr/include conftest.cpp >&5
configure:30723: $? = 0
configure:30738: result: yes
configure:30749: checking for exit in -lboost_program_options
configure:30771: g++ -std=c++11 -o conftest -g -O2 -Wall -Wextra -Wformat -Wvla -Wformat-security -Wno-unused-parameter  -DHAVE_BUILD_INFO -D__STDC_FORMAT_MACROS -I/usr/include -L/usr/local/lib -L/usr/lib/x86_64-linux-gnu conftest.cpp -lboost_program_options  -largon2 >&5
configure:30771: $? = 0
configure:30782: result: yes
configure:30931: checking whether the Boost::Thread library is available
configure:30964: g++ -std=c++11 -c -pthread -g -O2 -Wall -Wextra -Wformat -Wvla -Wformat-security -Wno-unused-parameter  -DHAVE_BUILD_INFO -D__STDC_FORMAT_MACROS -I/usr/include conftest.cpp >&5
configure:30964: $? = 0
configure:30980: result: yes
configure:31010: checking for exit in -lboost_thread
configure:31032: g++ -std=c++11 -o conftest -g -O2 -Wall -Wextra -Wformat -Wvla -Wformat-security -Wno-unused-parameter  -DHAVE_BUILD_INFO -D__STDC_FORMAT_MACROS -I/usr/include -L/usr/local/lib -L/usr/lib/x86_64-linux-gnu conftest.cpp -lboost_thread  -largon2 >&5
configure:31032: $? = 0
configure:31043: result: yes
configure:31203: checking whether the Boost::Chrono library is available
configure:31228: g++ -std=c++11 -c -g -O2 -Wall -Wextra -Wformat -Wvla -Wformat-security -Wno-unused-parameter  -DHAVE_BUILD_INFO -D__STDC_FORMAT_MACROS -pthread -I/usr/include conftest.cpp >&5
configure:31228: $? = 0
configure:31244: result: yes
configure:31260: checking for exit in -lboost_chrono
configure:31282: g++ -std=c++11 -o conftest -g -O2 -Wall -Wextra -Wformat -Wvla -Wformat-security -Wno-unused-parameter  -DHAVE_BUILD_INFO -D__STDC_FORMAT_MACROS -pthread -I/usr/include -L/usr/local/lib -L/usr/lib/x86_64-linux-gnu conftest.cpp -lboost_chrono  -largon2 >&5
configure:31282: $? = 0
configure:31293: result: yes
configure:31413: checking for fdatasync
configure:31426: g++ -std=c++11 -c -g -O2 -Wall -Wextra -Wformat -Wvla -Wformat-security -Wno-unused-parameter  -DHAVE_BUILD_INFO -D__STDC_FORMAT_MACROS conftest.cpp >&5
configure:31426: $? = 0
configure:31428: result: yes
configure:31437: checking for F_FULLFSYNC
configure:31450: g++ -std=c++11 -c -g -O2 -Wall -Wextra -Wformat -Wvla -Wformat-security -Wno-unused-parameter  -DHAVE_BUILD_INFO -D__STDC_FORMAT_MACROS conftest.cpp >&5
conftest.cpp: In function 'int main()':
conftest.cpp:78:11: error: 'F_FULLFSYNC' was not declared in this scope
   78 |  fcntl(0, F_FULLFSYNC, 0);
      |           ^~~~~~~~~~~
configure:31450: $? = 1
configure: failed program was:
| /* confdefs.h */
| #define PACKAGE_NAME "Dogecoin Core"
| #define PACKAGE_TARNAME "dogecoin"
| #define PACKAGE_VERSION "1.14.99"
| #define PACKAGE_STRING "Dogecoin Core 1.14.99"
| #define PACKAGE_BUGREPORT "https://github.com/dogecoin/dogecoin/issues"
| #define PACKAGE_URL "https://dogecoin.com/"
| #define HAVE_CXX11 1
| #define HAVE_STDIO_H 1
| #define HAVE_STDLIB_H 1
| #define HAVE_STRING_H 1
| #define HAVE_INTTYPES_H 1
| #define HAVE_STDINT_H 1
| #define HAVE_STRINGS_H 1
| #define HAVE_SYS_STAT_H 1
| #define HAVE_SYS_TYPES_H 1
| #define HAVE_UNISTD_H 1
| #define STDC_HEADERS 1
| #define HAVE_DLFCN_H 1
| #define LT_OBJDIR ".libs/"
| #define HAVE_PTHREAD_PRIO_INHERIT 1
| #define HAVE_PTHREAD 1
| #define HAVE_DECL_STRERROR_R 1
| #define HAVE_STRERROR_R 1
| #define STRERROR_R_CHAR_P 1
| #define HAVE_FUNC_ATTRIBUTE_VISIBILITY 1
| #define HAVE_ENDIAN_H 1
| #define HAVE_BYTESWAP_H 1
| #define HAVE_STDIO_H 1
| #define HAVE_STDLIB_H 1
| #define HAVE_UNISTD_H 1
| #define HAVE_STRINGS_H 1
| #define HAVE_SYS_TYPES_H 1
| #define HAVE_SYS_STAT_H 1
| #define HAVE_SYS_SELECT_H 1
| #define HAVE_SYS_PRCTL_H 1
| #define HAVE_DECL_STRNLEN 1
| #define HAVE_DECL_DAEMON 1
| #define HAVE_DECL_LE16TOH 1
| #define HAVE_DECL_LE32TOH 1
| #define HAVE_DECL_LE64TOH 1
| #define HAVE_DECL_HTOLE16 1
| #define HAVE_DECL_HTOLE32 1
| #define HAVE_DECL_HTOLE64 1
| #define HAVE_DECL_BE16TOH 1
| #define HAVE_DECL_BE32TOH 1
| #define HAVE_DECL_BE64TOH 1
| #define HAVE_DECL_HTOBE16 1
| #define HAVE_DECL_HTOBE32 1
| #define HAVE_DECL_HTOBE64 1
| #define HAVE_DECL_BSWAP_16 1
| #define HAVE_DECL_BSWAP_32 1
| #define HAVE_DECL_BSWAP_64 1
| #define HAVE_DECL___BUILTIN_CLZ 1
| #define HAVE_DECL___BUILTIN_CLZL 1
| #define HAVE_DECL___BUILTIN_CLZLL 1
| #define HAVE_MSG_NOSIGNAL 1
| #define HAVE_MALLOPT_ARENA_MAX 1
| #define HAVE_VISIBILITY_ATTRIBUTE 1
| #define HAVE_SYS_GETRANDOM 1
| #define HAVE_GETENTROPY 1
| #define HAVE_GETENTROPY_RAND 1
| #define HAVE_MINIUPNPC_MINIWGET_H 1
| #define HAVE_MINIUPNPC_MINIUPNPC_H 1
| #define HAVE_MINIUPNPC_UPNPCOMMANDS_H 1
| #define HAVE_MINIUPNPC_UPNPERRORS_H 1
| #define HAVE_BOOST /**/
| #define HAVE_BOOST_SYSTEM /**/
| #define HAVE_BOOST_FILESYSTEM /**/
| #define HAVE_BOOST_PROGRAM_OPTIONS /**/
| #define HAVE_BOOST_THREAD /**/
| #define HAVE_BOOST_CHRONO /**/
| /* end confdefs.h.  */
| #include <fcntl.h>
| int
| main (void)
| {
|  fcntl(0, F_FULLFSYNC, 0);
|   ;
|   return 0;
| }
configure:31455: result: no
configure:31461: checking for O_CLOEXEC
configure:31474: g++ -std=c++11 -c -g -O2 -Wall -Wextra -Wformat -Wvla -Wformat-security -Wno-unused-parameter  -DHAVE_BUILD_INFO -D__STDC_FORMAT_MACROS conftest.cpp >&5
configure:31474: $? = 0
configure:31476: result: yes
configure:31609: checking whether the Boost::Unit_Test_Framework library is available
configure:31633: g++ -std=c++11 -c -g -O2 -Wall -Wextra -Wformat -Wvla -Wformat-security -Wno-unused-parameter  -DHAVE_BUILD_INFO -D__STDC_FORMAT_MACROS -pthread -I/usr/include conftest.cpp >&5
conftest.cpp: In function 'int main()':
conftest.cpp:79:70: warning: unused variable 'test' [-Wunused-variable]
   79 |                                                          test_suite* test= BOOST_TEST_SUITE( "Unit test example 1" ); return 0;
      |                                                                      ^~~~
configure:31633: $? = 0
configure:31648: result: yes
configure:31759: checking for dynamic linked boost test
configure:31774: g++ -std=c++11 -o conftest -g -O2 -Wall -Wextra -Wformat -Wvla -Wformat-security -Wno-unused-parameter  -DHAVE_BUILD_INFO -D__STDC_FORMAT_MACROS -pthread -I/usr/include -L/usr/local/lib conftest.cpp -largon2 -L/usr/lib/x86_64-linux-gnu -lboost_unit_test_framework >&5
configure:31774: $? = 0
configure:31776: result: yes
configure:31863: checking for libssl
configure:31870: $PKG_CONFIG --exists --print-errors "libssl"
configure:31873: $? = 0
configure:31887: $PKG_CONFIG --exists --print-errors "libssl"
configure:31890: $? = 0
configure:31928: result: yes
configure:31934: checking for libcrypto
configure:31941: $PKG_CONFIG --exists --print-errors "libcrypto"
configure:31944: $? = 0
configure:31958: $PKG_CONFIG --exists --print-errors "libcrypto"
configure:31961: $? = 0
configure:31999: result: yes
configure:32087: checking for libevent
configure:32094: $PKG_CONFIG --exists --print-errors "libevent"
configure:32097: $? = 0
configure:32111: $PKG_CONFIG --exists --print-errors "libevent"
configure:32114: $? = 0
configure:32152: result: yes
configure:32159: checking for libevent_pthreads
configure:32166: $PKG_CONFIG --exists --print-errors "libevent_pthreads"
configure:32169: $? = 0
configure:32183: $PKG_CONFIG --exists --print-errors "libevent_pthreads"
configure:32186: $? = 0
configure:32224: result: yes
configure:32234: checking for libzmq >= 4
configure:32241: $PKG_CONFIG --exists --print-errors "libzmq >= 4"
Package libzmq was not found in the pkg-config search path.
Perhaps you should add the directory containing `libzmq.pc'
to the PKG_CONFIG_PATH environment variable
Package 'libzmq', required by 'virtual:world', not found
configure:32244: $? = 1
configure:32258: $PKG_CONFIG --exists --print-errors "libzmq >= 4"
Package libzmq was not found in the pkg-config search path.
Perhaps you should add the directory containing `libzmq.pc'
to the PKG_CONFIG_PATH environment variable
Package 'libzmq', required by 'virtual:world', not found
configure:32261: $? = 1
configure:32275: result: no
Package 'libzmq', required by 'virtual:world', not found
configure:32294: WARNING: libzmq version 4.x or greater not found, disabling
configure:33795: checking whether EVP_MD_CTX_new is declared
configure:33795: g++ -std=c++11 -c -g -O2 -Wall -Wextra -Wformat -Wvla -Wformat-security -Wno-unused-parameter     -DHAVE_BUILD_INFO -D__STDC_FORMAT_MACROS conftest.cpp >&5
configure:33795: $? = 0
configure:33795: result: yes
configure:33978: checking whether to build dogecoind
configure:33988: result: yes
configure:33991: checking whether to build utils (dogecoin-cli dogecoin-tx)
configure:34001: result: yes
configure:34004: checking whether to build libraries
configure:34021: result: yes
configure:34032: checking if ccache should be used
configure:34045: result: no
configure:34089: checking if wallet should be enabled
configure:34092: result: yes
configure:34103: checking whether to build with support for UPnP
configure:34113: result: yes
configure:34115: checking whether to build with UPnP enabled by default
configure:34123: result: no
configure:34197: checking whether to build test_dogecoin
configure:34200: result: yes
configure:34209: checking whether to reduce exports
configure:34215: result: no
configure:34562: checking that generated files are newer than configure
configure:34568: result: done
configure:34688: creating ./config.status

## ---------------------- ##
## Running config.status. ##
## ---------------------- ##

This file was extended by Dogecoin Core config.status 1.14.99, which was
generated by GNU Autoconf 2.71.  Invocation command line was

  CONFIG_FILES    = 
  CONFIG_HEADERS  = 
  CONFIG_LINKS    = 
  CONFIG_COMMANDS = 
  $ ./config.status 

on shaobo-System-Product-Name

config.status:1396: creating libbitcoinconsensus.pc
config.status:1396: creating Makefile
config.status:1396: creating src/Makefile
config.status:1396: creating doc/man/Makefile
config.status:1396: creating share/setup.nsi
config.status:1396: creating share/qt/Info.plist
config.status:1396: creating src/test/buildenv.py
config.status:1396: creating qa/pull-tester/tests_config.py
config.status:1396: creating contrib/devtools/split-debug.sh
config.status:1396: creating src/config/bitcoin-config.h
config.status:1577: src/config/bitcoin-config.h is unchanged
config.status:1656: executing depfiles commands
config.status:1733: cd src       && sed -e '/# am--include-marker/d' Makefile         | make -f - am--depfiles
make: Nothing to be done for 'am--depfiles'.
config.status:1738: $? = 0
config.status:1656: executing libtool commands
configure:37209: === configuring in src/univalue (/home/shaobo/dogecoin/src/univalue)
configure:37270: running /bin/bash ./configure --disable-option-checking '--prefix=/usr/local'  '--with-incompatible-bdb' '--enable-wallet' '--enable-rpc' 'LDFLAGS=-L/usr/local/lib' 'LIBS=-largon2' 'CFLAGS=-I/usr/local/include' '--disable-shared' '--with-pic' '--with-bignum=no' '--enable-module-recovery' --cache-file=/dev/null --srcdir=.
configure:37209: === configuring in src/secp256k1 (/home/shaobo/dogecoin/src/secp256k1)
configure:37270: running /bin/bash ./configure --disable-option-checking '--prefix=/usr/local'  '--with-incompatible-bdb' '--enable-wallet' '--enable-rpc' 'LDFLAGS=-L/usr/local/lib' 'LIBS=-largon2' 'CFLAGS=-I/usr/local/include' '--disable-shared' '--with-pic' '--with-bignum=no' '--enable-module-recovery' --cache-file=/dev/null --srcdir=.
configure:37289: result: Fixing libtool for -rpath problems.

## ---------------- ##
## Cache variables. ##
## ---------------- ##

ac_cv_build=x86_64-pc-linux-gnu
ac_cv_c_bigendian=no
ac_cv_c_compiler_gnu=yes
ac_cv_cxx_compiler_gnu=yes
ac_cv_cxx_undeclared_builtin_options='none needed'
ac_cv_env_BDB_CFLAGS_set=
ac_cv_env_BDB_CFLAGS_value=
ac_cv_env_BDB_LIBS_set=
ac_cv_env_BDB_LIBS_value=
ac_cv_env_CCC_set=
ac_cv_env_CCC_value=
ac_cv_env_CC_set=
ac_cv_env_CC_value=
ac_cv_env_CFLAGS_set=set
ac_cv_env_CFLAGS_value=-I/usr/local/include
ac_cv_env_CPPFLAGS_set=
ac_cv_env_CPPFLAGS_value=
ac_cv_env_CPP_set=
ac_cv_env_CPP_value=
ac_cv_env_CRYPTO_CFLAGS_set=
ac_cv_env_CRYPTO_CFLAGS_value=
ac_cv_env_CRYPTO_LIBS_set=
ac_cv_env_CRYPTO_LIBS_value=
ac_cv_env_CXXCPP_set=
ac_cv_env_CXXCPP_value=
ac_cv_env_CXXFLAGS_set=
ac_cv_env_CXXFLAGS_value=
ac_cv_env_CXX_set=
ac_cv_env_CXX_value=
ac_cv_env_EVENT_CFLAGS_set=
ac_cv_env_EVENT_CFLAGS_value=
ac_cv_env_EVENT_LIBS_set=
ac_cv_env_EVENT_LIBS_value=
ac_cv_env_EVENT_PTHREADS_CFLAGS_set=
ac_cv_env_EVENT_PTHREADS_CFLAGS_value=
ac_cv_env_EVENT_PTHREADS_LIBS_set=
ac_cv_env_EVENT_PTHREADS_LIBS_value=
ac_cv_env_LDFLAGS_set=set
ac_cv_env_LDFLAGS_value=-L/usr/local/lib
ac_cv_env_LIBS_set=set
ac_cv_env_LIBS_value=-largon2
ac_cv_env_LT_SYS_LIBRARY_PATH_set=
ac_cv_env_LT_SYS_LIBRARY_PATH_value=
ac_cv_env_OBJCXXFLAGS_set=
ac_cv_env_OBJCXXFLAGS_value=
ac_cv_env_OBJCXX_set=
ac_cv_env_OBJCXX_value=
ac_cv_env_PKG_CONFIG_LIBDIR_set=
ac_cv_env_PKG_CONFIG_LIBDIR_value=
ac_cv_env_PKG_CONFIG_PATH_set=
ac_cv_env_PKG_CONFIG_PATH_value=
ac_cv_env_PKG_CONFIG_set=
ac_cv_env_PKG_CONFIG_value=
ac_cv_env_PYTHONPATH_set=
ac_cv_env_PYTHONPATH_value=
ac_cv_env_QR_CFLAGS_set=
ac_cv_env_QR_CFLAGS_value=
ac_cv_env_QR_LIBS_set=
ac_cv_env_QR_LIBS_value=
ac_cv_env_QTPLATFORM_CFLAGS_set=
ac_cv_env_QTPLATFORM_CFLAGS_value=
ac_cv_env_QTPLATFORM_LIBS_set=
ac_cv_env_QTPLATFORM_LIBS_value=
ac_cv_env_QTPRINT_CFLAGS_set=
ac_cv_env_QTPRINT_CFLAGS_value=
ac_cv_env_QTPRINT_LIBS_set=
ac_cv_env_QTPRINT_LIBS_value=
ac_cv_env_QTXCBQPA_CFLAGS_set=
ac_cv_env_QTXCBQPA_CFLAGS_value=
ac_cv_env_QTXCBQPA_LIBS_set=
ac_cv_env_QTXCBQPA_LIBS_value=
ac_cv_env_QT_CFLAGS_set=
ac_cv_env_QT_CFLAGS_value=
ac_cv_env_QT_DBUS_CFLAGS_set=
ac_cv_env_QT_DBUS_CFLAGS_value=
ac_cv_env_QT_DBUS_LIBS_set=
ac_cv_env_QT_DBUS_LIBS_value=
ac_cv_env_QT_LIBS_set=
ac_cv_env_QT_LIBS_value=
ac_cv_env_QT_TEST_CFLAGS_set=
ac_cv_env_QT_TEST_CFLAGS_value=
ac_cv_env_QT_TEST_LIBS_set=
ac_cv_env_QT_TEST_LIBS_value=
ac_cv_env_SSL_CFLAGS_set=
ac_cv_env_SSL_CFLAGS_value=
ac_cv_env_SSL_LIBS_set=
ac_cv_env_SSL_LIBS_value=
ac_cv_env_UNIVALUE_CFLAGS_set=
ac_cv_env_UNIVALUE_CFLAGS_value=
ac_cv_env_UNIVALUE_LIBS_set=
ac_cv_env_UNIVALUE_LIBS_value=
ac_cv_env_ZMQ_CFLAGS_set=
ac_cv_env_ZMQ_CFLAGS_value=
ac_cv_env_ZMQ_LIBS_set=
ac_cv_env_ZMQ_LIBS_value=
ac_cv_env_build_alias_set=
ac_cv_env_build_alias_value=
ac_cv_env_host_alias_set=
ac_cv_env_host_alias_value=
ac_cv_env_target_alias_set=
ac_cv_env_target_alias_value=
ac_cv_func_strerror_r_char_p=yes
ac_cv_have_decl_EVP_MD_CTX_new=yes
ac_cv_have_decl___builtin_clz=yes
ac_cv_have_decl___builtin_clzl=yes
ac_cv_have_decl___builtin_clzll=yes
ac_cv_have_decl_be16toh=yes
ac_cv_have_decl_be32toh=yes
ac_cv_have_decl_be64toh=yes
ac_cv_have_decl_bswap_16=yes
ac_cv_have_decl_bswap_32=yes
ac_cv_have_decl_bswap_64=yes
ac_cv_have_decl_daemon=yes
ac_cv_have_decl_htobe16=yes
ac_cv_have_decl_htobe32=yes
ac_cv_have_decl_htobe64=yes
ac_cv_have_decl_htole16=yes
ac_cv_have_decl_htole32=yes
ac_cv_have_decl_htole64=yes
ac_cv_have_decl_le16toh=yes
ac_cv_have_decl_le32toh=yes
ac_cv_have_decl_le64toh=yes
ac_cv_have_decl_strerror_r=yes
ac_cv_have_decl_strnlen=yes
ac_cv_header_byteswap_h=yes
ac_cv_header_dlfcn_h=yes
ac_cv_header_endian_h=yes
ac_cv_header_inttypes_h=yes
ac_cv_header_miniupnpc_miniupnpc_h=yes
ac_cv_header_miniupnpc_miniwget_h=yes
ac_cv_header_miniupnpc_upnpcommands_h=yes
ac_cv_header_miniupnpc_upnperrors_h=yes
ac_cv_header_stdint_h=yes
ac_cv_header_stdio_h=yes
ac_cv_header_stdlib_h=yes
ac_cv_header_string_h=yes
ac_cv_header_strings_h=yes
ac_cv_header_sys_endian_h=no
ac_cv_header_sys_prctl_h=yes
ac_cv_header_sys_select_h=yes
ac_cv_header_sys_stat_h=yes
ac_cv_header_sys_types_h=yes
ac_cv_header_unistd_h=yes
ac_cv_host=x86_64-pc-linux-gnu
ac_cv_lib_boost_chrono_exit=yes
ac_cv_lib_boost_filesystem_exit=yes
ac_cv_lib_boost_program_options_exit=yes
ac_cv_lib_boost_system_exit=yes
ac_cv_lib_boost_thread_exit=yes
ac_cv_lib_db_cxx_5_3_main=yes
ac_cv_lib_miniupnpc_main=yes
ac_cv_objcxx_compiler_gnu=no
ac_cv_objext=o
ac_cv_path_EGREP='/usr/bin/grep -E'
ac_cv_path_FGREP='/usr/bin/grep -F'
ac_cv_path_GIT=/usr/bin/git
ac_cv_path_GREP=/usr/bin/grep
ac_cv_path_HEXDUMP=/usr/bin/hexdump
ac_cv_path_PYTHON=/usr/local/bin/python3.6
ac_cv_path_SED=/usr/bin/sed
ac_cv_path_ac_pt_AR=/usr/bin/ar
ac_cv_path_ac_pt_GCOV=/usr/bin/gcov
ac_cv_path_ac_pt_OBJCOPY=/usr/bin/objcopy
ac_cv_path_ac_pt_PKG_CONFIG=/usr/bin/pkg-config
ac_cv_path_ac_pt_RANLIB=/usr/bin/ranlib
ac_cv_path_ac_pt_STRIP=/usr/bin/strip
ac_cv_path_install='/usr/bin/install -c'
ac_cv_path_lt_DD=/usr/bin/dd
ac_cv_path_mkdir=/usr/bin/mkdir
ac_cv_prog_AWK=mawk
ac_cv_prog_CPP='gcc -E'
ac_cv_prog_CXXCPP='g++ -std=c++11 -E'
ac_cv_prog_ac_ct_AR=ar
ac_cv_prog_ac_ct_CC=gcc
ac_cv_prog_ac_ct_CXX=g++
ac_cv_prog_ac_ct_MANIFEST_TOOL=mt
ac_cv_prog_ac_ct_OBJDUMP=objdump
ac_cv_prog_ac_ct_RANLIB=ranlib
ac_cv_prog_ac_ct_STRIP=strip
ac_cv_prog_cc_c11=
ac_cv_prog_cc_g=yes
ac_cv_prog_cc_stdc=
ac_cv_prog_cxx_cxx11=
ac_cv_prog_cxx_g=yes
ac_cv_prog_cxx_stdcxx=
ac_cv_prog_make_make_set=yes
ac_cv_prog_objcxx_g=no
ac_cv_search_clock_gettime='none required'
ac_cv_sys_file_offset_bits=no
ac_cv_sys_largefile_CC=no
am_cv_CC_dependencies_compiler_type=gcc3
am_cv_CXX_dependencies_compiler_type=gcc3
am_cv_OBJCXX_dependencies_compiler_type=gcc3
am_cv_make_support_nested_variables=yes
am_cv_prog_cc_c_o=yes
ax_cv_PTHREAD_CLANG=no
ax_cv_PTHREAD_JOINABLE_ATTR=PTHREAD_CREATE_JOINABLE
ax_cv_PTHREAD_PRIO_INHERIT=yes
ax_cv_PTHREAD_SPECIAL_FLAGS=no
ax_cv_boost_chrono=yes
ax_cv_boost_filesystem=yes
ax_cv_boost_program_options=yes
ax_cv_boost_system=yes
ax_cv_boost_thread=yes
ax_cv_boost_unit_test_framework=yes
ax_cv_check_cxxcppflags___D_FORTIFY_SOURCE_2=yes
ax_cv_check_cxxcppflags___U_FORTIFY_SOURCE=yes
ax_cv_check_cxxflags__Wall=yes
ax_cv_check_cxxflags__Wdeprecated_register=no
ax_cv_check_cxxflags__Wextra=yes
ax_cv_check_cxxflags__Wformat=yes
ax_cv_check_cxxflags__Wformat_security=yes
ax_cv_check_cxxflags__Wself_assign=no
ax_cv_check_cxxflags__Wunused_local_typedef=no
ax_cv_check_cxxflags__Wunused_parameter=yes
ax_cv_check_cxxflags__Wvla=yes
ax_cv_check_cxxflags___Werror=yes
ax_cv_check_cxxflags___Wstack_protector=yes
ax_cv_check_cxxflags___fPIC=yes
ax_cv_check_cxxflags___fPIE=yes
ax_cv_check_cxxflags___fstack_protector_all=yes
ax_cv_check_ldflags___Wl___dynamicbase=no
ax_cv_check_ldflags___Wl___high_entropy_va=no
ax_cv_check_ldflags___Wl___large_address_aware=no
ax_cv_check_ldflags___Wl___nxcompat=no
ax_cv_check_ldflags___Wl__z_now=yes
ax_cv_check_ldflags___Wl__z_relro=yes
ax_cv_check_ldflags___pie=yes
ax_cv_cxx_compile_cxx11__std_cpp11=yes
ax_cv_have_func_attribute_dllexport=no
ax_cv_have_func_attribute_dllimport=no
ax_cv_have_func_attribute_visibility=yes
lt_cv_ar_at_file=@
lt_cv_archive_cmds_need_lc=no
lt_cv_deplibs_check_method=pass_all
lt_cv_file_magic_cmd='$MAGIC_CMD'
lt_cv_file_magic_test_file=
lt_cv_ld_reload_flag=-r
lt_cv_nm_interface='BSD nm'
lt_cv_objdir=.libs
lt_cv_path_LD=/usr/bin/ld
lt_cv_path_LDCXX='/usr/bin/ld -m elf_x86_64'
lt_cv_path_NM='/usr/bin/nm -B'
lt_cv_path_mainfest_tool=no
lt_cv_prog_compiler_c_o=yes
lt_cv_prog_compiler_c_o_CXX=yes
lt_cv_prog_compiler_pic='-fPIC -DPIC'
lt_cv_prog_compiler_pic_CXX='-fPIC -DPIC'
lt_cv_prog_compiler_pic_works=yes
lt_cv_prog_compiler_pic_works_CXX=yes
lt_cv_prog_compiler_rtti_exceptions=no
lt_cv_prog_compiler_static_works=yes
lt_cv_prog_compiler_static_works_CXX=yes
lt_cv_prog_gnu_ld=yes
lt_cv_prog_gnu_ldcxx=yes
lt_cv_sharedlib_from_linklib_cmd='printf %s\n'
lt_cv_shlibpath_overrides_runpath=yes
lt_cv_sys_global_symbol_pipe='sed -n -e '\''s/^.*[	 ]\([ABCDGIRSTW][ABCDGIRSTW]*\)[	 ][	 ]*\([_A-Za-z][_A-Za-z0-9]*\)$/\1 \2 \2/p'\'' | sed '\''/ __gnu_lto/d'\'''
lt_cv_sys_global_symbol_to_c_name_address='sed -n -e '\''s/^: \(.*\) .*$/  {"\1", (void *) 0},/p'\'' -e '\''s/^[ABCDGIRSTW][ABCDGIRSTW]* .* \(.*\)$/  {"\1", (void *) \&\1},/p'\'''
lt_cv_sys_global_symbol_to_c_name_address_lib_prefix='sed -n -e '\''s/^: \(.*\) .*$/  {"\1", (void *) 0},/p'\'' -e '\''s/^[ABCDGIRSTW][ABCDGIRSTW]* .* \(lib.*\)$/  {"\1", (void *) \&\1},/p'\'' -e '\''s/^[ABCDGIRSTW][ABCDGIRSTW]* .* \(.*\)$/  {"lib\1", (void *) \&\1},/p'\'''
lt_cv_sys_global_symbol_to_cdecl='sed -n -e '\''s/^T .* \(.*\)$/extern int \1();/p'\'' -e '\''s/^[ABCDGIRSTW][ABCDGIRSTW]* .* \(.*\)$/extern char \1;/p'\'''
lt_cv_sys_global_symbol_to_import=
lt_cv_sys_max_cmd_len=1572864
lt_cv_to_host_file_cmd=func_convert_file_noop
lt_cv_to_tool_file_cmd=func_convert_file_noop
lt_cv_truncate_bin='/usr/bin/dd bs=4096 count=1'
pkg_cv_CRYPTO_CFLAGS=
pkg_cv_CRYPTO_LIBS='-lcrypto '
pkg_cv_EVENT_CFLAGS=
pkg_cv_EVENT_LIBS='-levent '
pkg_cv_EVENT_PTHREADS_CFLAGS=
pkg_cv_EVENT_PTHREADS_LIBS='-levent_pthreads -levent '
pkg_cv_SSL_CFLAGS=
pkg_cv_SSL_LIBS='-lssl '

## ----------------- ##
## Output variables. ##
## ----------------- ##

ACLOCAL='${SHELL} '\''/home/shaobo/dogecoin/build-aux/missing'\'' aclocal-1.16'
AMDEPBACKSLASH='\'
AMDEP_FALSE='#'
AMDEP_TRUE=''
AMTAR='$${TAR-tar}'
AM_BACKSLASH='\'
AM_DEFAULT_V='$(AM_DEFAULT_VERBOSITY)'
AM_DEFAULT_VERBOSITY='0'
AM_V='$(V)'
AR='/usr/bin/ar'
AUTOCONF='${SHELL} '\''/home/shaobo/dogecoin/build-aux/missing'\'' autoconf'
AUTOHEADER='${SHELL} '\''/home/shaobo/dogecoin/build-aux/missing'\'' autoheader'
AUTOMAKE='${SHELL} '\''/home/shaobo/dogecoin/build-aux/missing'\'' automake-1.16'
AWK='mawk'
BDB_CFLAGS=''
BDB_CPPFLAGS=''
BDB_LIBS='-ldb_cxx-5.3'
BITCOIN_CLI_NAME='dogecoin-cli'
BITCOIN_DAEMON_NAME='dogecoind'
BITCOIN_GUI_NAME='dogecoin-qt'
BITCOIN_TX_NAME='dogecoin-tx'
BOOST_CHRONO_LIB='-lboost_chrono'
BOOST_CPPFLAGS='-pthread -I/usr/include'
BOOST_FILESYSTEM_LIB='-lboost_filesystem'
BOOST_LDFLAGS='-L/usr/lib/x86_64-linux-gnu'
BOOST_LIBS='-L/usr/lib/x86_64-linux-gnu -lboost_system -lboost_filesystem -lboost_program_options -lboost_thread -lboost_chrono'
BOOST_PROGRAM_OPTIONS_LIB='-lboost_program_options'
BOOST_SYSTEM_LIB='-lboost_system'
BOOST_THREAD_LIB='-lboost_thread'
BOOST_UNIT_TEST_FRAMEWORK_LIB='-lboost_unit_test_framework'
BREW=''
BUILD_BITCOIND_FALSE='#'
BUILD_BITCOIND_TRUE=''
BUILD_BITCOIN_LIBS_FALSE='#'
BUILD_BITCOIN_LIBS_TRUE=''
BUILD_BITCOIN_UTILS_FALSE='#'
BUILD_BITCOIN_UTILS_TRUE=''
BUILD_DARWIN_FALSE=''
BUILD_DARWIN_TRUE='#'
CC='gcc'
CCACHE=''
CCDEPMODE='depmode=gcc3'
CFLAGS='-I/usr/local/include'
CLIENT_VERSION_BUILD='0'
CLIENT_VERSION_IS_RELEASE='false'
CLIENT_VERSION_MAJOR='1'
CLIENT_VERSION_MINOR='14'
CLIENT_VERSION_REVISION='99'
COMPAT_LDFLAGS=''
COPYRIGHT_HOLDERS='The %s developers'
COPYRIGHT_HOLDERS_FINAL='The Bitcoin Core and Dogecoin Core developers'
COPYRIGHT_HOLDERS_SUBSTITUTION='Bitcoin Core and Dogecoin Core'
COPYRIGHT_YEAR='2024'
CPP='gcc -E'
CPPFLAGS=' -DHAVE_BUILD_INFO -D__STDC_FORMAT_MACROS'
CRYPTO_CFLAGS=''
CRYPTO_LIBS='-lcrypto '
CSCOPE='cscope'
CTAGS='ctags'
CURRENT_RELEASE_DATE='2024-08-03'
CXX='g++ -std=c++11'
CXXCPP='g++ -std=c++11 -E'
CXXDEPMODE='depmode=gcc3'
CXXFLAGS='-g -O2 -Wall -Wextra -Wformat -Wvla -Wformat-security -Wno-unused-parameter'
CYGPATH_W='echo'
DEFS='-DHAVE_CONFIG_H'
DEPDIR='.deps'
DLLTOOL='false'
DSYMUTIL=''
DUMPBIN=''
ECHO_C=''
ECHO_N='-n'
ECHO_T=''
EGREP='/usr/bin/grep -E'
EMBEDDED_LEVELDB_FALSE='#'
EMBEDDED_LEVELDB_TRUE=''
EMBEDDED_UNIVALUE_FALSE='#'
EMBEDDED_UNIVALUE_TRUE=''
ENABLE_BENCH_FALSE='#'
ENABLE_BENCH_TRUE=''
ENABLE_MAN_FALSE='#'
ENABLE_MAN_TRUE=''
ENABLE_QT_FALSE=''
ENABLE_QT_TESTS_FALSE=''
ENABLE_QT_TESTS_TRUE='#'
ENABLE_QT_TRUE='#'
ENABLE_TESTS_FALSE='#'
ENABLE_TESTS_TRUE=''
ENABLE_WALLET_FALSE='#'
ENABLE_WALLET_TRUE=''
ENABLE_ZMQ_FALSE=''
ENABLE_ZMQ_TRUE='#'
ERROR_CXXFLAGS=''
ETAGS='etags'
EVENT_CFLAGS=''
EVENT_LIBS='-levent '
EVENT_PTHREADS_CFLAGS=''
EVENT_PTHREADS_LIBS='-levent_pthreads -levent '
EXEEXT=''
EXPECTED_DAYS_TO_NEXT_RELEASE='270'
EXTENDED_RPC_TESTS=''
FGREP='/usr/bin/grep -F'
GCOV='/usr/bin/gcov'
GENHTML=''
GENISOIMAGE=''
GIT='/usr/bin/git'
GLIBC_BACK_COMPAT_FALSE=''
GLIBC_BACK_COMPAT_TRUE='#'
GREP='/usr/bin/grep'
HARDENED_CPPFLAGS=' -U_FORTIFY_SOURCE -D_FORTIFY_SOURCE=2'
HARDENED_CXXFLAGS=' -Wstack-protector -fstack-protector-all'
HARDENED_LDFLAGS=' -Wl,-z,relro -Wl,-z,now -pie'
HARDEN_FALSE='#'
HARDEN_TRUE=''
HAVE_CXX11='1'
HAVE_CXX14=''
HAVE_CXX17=''
HAVE_FDATASYNC='1'
HAVE_FULLFSYNC='0'
HAVE_O_CLOEXEC='1'
HEXDUMP='/usr/bin/hexdump'
IMAGEMAGICK_CONVERT=''
INSTALLNAMETOOL=''
INSTALL_DATA='${INSTALL} -m 644'
INSTALL_PROGRAM='${INSTALL}'
INSTALL_SCRIPT='${INSTALL}'
INSTALL_STRIP_PROGRAM='$(install_sh) -c -s'
LCOV=''
LD='/usr/bin/ld -m elf_x86_64'
LDFLAGS='-L/usr/local/lib'
LEVELDB_CPPFLAGS=''
LIBLEVELDB=''
LIBMEMENV=''
LIBOBJS=''
LIBS='-largon2'
LIBTOOL='$(SHELL) $(top_builddir)/libtool'
LIBTOOL_APP_LDFLAGS=''
LIPO=''
LN_S='ln -s'
LRELEASE=''
LTLIBOBJS=''
LT_SYS_LIBRARY_PATH=''
LUPDATE=''
MAINT=''
MAINTAINER_MODE_FALSE='#'
MAINTAINER_MODE_TRUE=''
MAKEINFO='${SHELL} '\''/home/shaobo/dogecoin/build-aux/missing'\'' makeinfo'
MAKENSIS=''
MANIFEST_TOOL=':'
MINIUPNPC_CPPFLAGS=''
MINIUPNPC_LIBS='-lminiupnpc'
MKDIR_P='/usr/bin/mkdir -p'
MOC=''
MOC_DEFS='-DHAVE_CONFIG_H -I$(srcdir)'
NM='/usr/bin/nm -B'
NMEDIT=''
OBJCOPY='/usr/bin/objcopy'
OBJCXX='g++ -std=c++11'
OBJCXXDEPMODE='depmode=gcc3'
OBJCXXFLAGS=''
OBJDUMP='objdump'
OBJEXT='o'
OTOOL64=''
OTOOL=''
PACKAGE='dogecoin'
PACKAGE_BUGREPORT='https://github.com/dogecoin/dogecoin/issues'
PACKAGE_NAME='Dogecoin Core'
PACKAGE_STRING='Dogecoin Core 1.14.99'
PACKAGE_TARNAME='dogecoin'
PACKAGE_URL='https://dogecoin.com/'
PACKAGE_VERSION='1.14.99'
PATH_SEPARATOR=':'
PIC_FLAGS='-fPIC'
PIE_FLAGS='-fPIE'
PKG_CONFIG='/usr/bin/pkg-config'
PKG_CONFIG_LIBDIR=''
PKG_CONFIG_PATH=''
PORT=''
PTHREAD_CC='gcc'
PTHREAD_CFLAGS='-pthread'
PTHREAD_CXX='g++ -std=c++11'
PTHREAD_LIBS='-lpthread'
PYTHON='/usr/local/bin/python3.6'
PYTHONPATH=''
QR_CFLAGS=''
QR_LIBS=''
QTPLATFORM_CFLAGS=''
QTPLATFORM_LIBS=''
QTPRINT_CFLAGS=''
QTPRINT_LIBS=''
QTXCBQPA_CFLAGS=''
QTXCBQPA_LIBS=''
QT_CFLAGS=''
QT_DBUS_CFLAGS=''
QT_DBUS_INCLUDES=''
QT_DBUS_LIBS=''
QT_INCLUDES=''
QT_LDFLAGS=''
QT_LIBS=''
QT_PIE_FLAGS=''
QT_SELECT='qt5'
QT_TEST_CFLAGS=''
QT_TEST_INCLUDES=''
QT_TEST_LIBS=''
QT_TRANSLATION_DIR=''
RANLIB='/usr/bin/ranlib'
RCC=''
RELDFLAGS=''
RSVG_CONVERT=''
SED='/usr/bin/sed'
SET_MAKE=''
SHELL='/bin/bash'
SSL_CFLAGS=''
SSL_LIBS='-lssl '
STRIP='/usr/bin/strip'
TARGET_DARWIN_FALSE=''
TARGET_DARWIN_TRUE='#'
TARGET_WINDOWS_FALSE=''
TARGET_WINDOWS_TRUE='#'
TESTDEFS=' -DBOOST_TEST_DYN_LINK'
TIFFCP=''
UIC=''
UNIVALUE_CFLAGS='-I$(srcdir)/univalue/include'
UNIVALUE_LIBS='univalue/libunivalue.la'
USE_LCOV_FALSE=''
USE_LCOV_TRUE='#'
USE_QRCODE=''
USE_QRCODE_FALSE=''
USE_QRCODE_TRUE='#'
USE_SCRYPT_SSE2_FALSE=''
USE_SCRYPT_SSE2_TRUE='#'
USE_UPNP=''
VERSION='1.14.99'
WINDOWS_BITS=''
WINDRES=''
WORDS_BIGENDIAN_FALSE=''
WORDS_BIGENDIAN_TRUE='#'
XGETTEXT=''
ZMQ_CFLAGS=''
ZMQ_LIBS=''
ac_ct_AR='ar'
ac_ct_CC='gcc'
ac_ct_CXX='g++'
ac_ct_DUMPBIN=''
ac_ct_OBJCXX=''
am__EXEEXT_FALSE=''
am__EXEEXT_TRUE='#'
am__fastdepCC_FALSE='#'
am__fastdepCC_TRUE=''
am__fastdepCXX_FALSE='#'
am__fastdepCXX_TRUE=''
am__fastdepOBJCXX_FALSE='#'
am__fastdepOBJCXX_TRUE=''
am__include='include'
am__isrc=''
am__leading_dot='.'
am__nodep='_no'
am__quote=''
am__tar='$${TAR-tar} chof - "$$tardir"'
am__untar='$${TAR-tar} xf -'
ax_pthread_config=''
bindir='${exec_prefix}/bin'
build='x86_64-pc-linux-gnu'
build_alias=''
build_cpu='x86_64'
build_os='linux-gnu'
build_vendor='pc'
datadir='${datarootdir}'
datarootdir='${prefix}/share'
docdir='${datarootdir}/doc/${PACKAGE_TARNAME}'
dvidir='${docdir}'
exec_prefix='${prefix}'
host='x86_64-pc-linux-gnu'
host_alias=''
host_cpu='x86_64'
host_os='linux-gnu'
host_vendor='pc'
htmldir='${docdir}'
includedir='${prefix}/include'
infodir='${datarootdir}/info'
install_sh='${SHELL} /home/shaobo/dogecoin/build-aux/install-sh'
libdir='${exec_prefix}/lib'
libexecdir='${exec_prefix}/libexec'
localedir='${datarootdir}/locale'
localstatedir='${prefix}/var'
mandir='${datarootdir}/man'
mkdir_p='$(MKDIR_P)'
oldincludedir='/usr/include'
pdfdir='${docdir}'
prefix='/usr/local'
program_transform_name='s,x,x,'
psdir='${docdir}'
runstatedir='${localstatedir}/run'
sbindir='${exec_prefix}/sbin'
sharedstatedir='${prefix}/com'
subdirs=' src/univalue src/secp256k1'
sysconfdir='${prefix}/etc'
target_alias=''

## ----------- ##
## confdefs.h. ##
## ----------- ##

/* confdefs.h */
#define PACKAGE_NAME "Dogecoin Core"
#define PACKAGE_TARNAME "dogecoin"
#define PACKAGE_VERSION "1.14.99"
#define PACKAGE_STRING "Dogecoin Core 1.14.99"
#define PACKAGE_BUGREPORT "https://github.com/dogecoin/dogecoin/issues"
#define PACKAGE_URL "https://dogecoin.com/"
#define HAVE_CXX11 1
#define HAVE_STDIO_H 1
#define HAVE_STDLIB_H 1
#define HAVE_STRING_H 1
#define HAVE_INTTYPES_H 1
#define HAVE_STDINT_H 1
#define HAVE_STRINGS_H 1
#define HAVE_SYS_STAT_H 1
#define HAVE_SYS_TYPES_H 1
#define HAVE_UNISTD_H 1
#define STDC_HEADERS 1
#define HAVE_DLFCN_H 1
#define LT_OBJDIR ".libs/"
#define HAVE_PTHREAD_PRIO_INHERIT 1
#define HAVE_PTHREAD 1
#define HAVE_DECL_STRERROR_R 1
#define HAVE_STRERROR_R 1
#define STRERROR_R_CHAR_P 1
#define HAVE_FUNC_ATTRIBUTE_VISIBILITY 1
#define HAVE_ENDIAN_H 1
#define HAVE_BYTESWAP_H 1
#define HAVE_STDIO_H 1
#define HAVE_STDLIB_H 1
#define HAVE_UNISTD_H 1
#define HAVE_STRINGS_H 1
#define HAVE_SYS_TYPES_H 1
#define HAVE_SYS_STAT_H 1
#define HAVE_SYS_SELECT_H 1
#define HAVE_SYS_PRCTL_H 1
#define HAVE_DECL_STRNLEN 1
#define HAVE_DECL_DAEMON 1
#define HAVE_DECL_LE16TOH 1
#define HAVE_DECL_LE32TOH 1
#define HAVE_DECL_LE64TOH 1
#define HAVE_DECL_HTOLE16 1
#define HAVE_DECL_HTOLE32 1
#define HAVE_DECL_HTOLE64 1
#define HAVE_DECL_BE16TOH 1
#define HAVE_DECL_BE32TOH 1
#define HAVE_DECL_BE64TOH 1
#define HAVE_DECL_HTOBE16 1
#define HAVE_DECL_HTOBE32 1
#define HAVE_DECL_HTOBE64 1
#define HAVE_DECL_BSWAP_16 1
#define HAVE_DECL_BSWAP_32 1
#define HAVE_DECL_BSWAP_64 1
#define HAVE_DECL___BUILTIN_CLZ 1
#define HAVE_DECL___BUILTIN_CLZL 1
#define HAVE_DECL___BUILTIN_CLZLL 1
#define HAVE_MSG_NOSIGNAL 1
#define HAVE_MALLOPT_ARENA_MAX 1
#define HAVE_VISIBILITY_ATTRIBUTE 1
#define HAVE_SYS_GETRANDOM 1
#define HAVE_GETENTROPY 1
#define HAVE_GETENTROPY_RAND 1
#define HAVE_MINIUPNPC_MINIWGET_H 1
#define HAVE_MINIUPNPC_MINIUPNPC_H 1
#define HAVE_MINIUPNPC_UPNPCOMMANDS_H 1
#define HAVE_MINIUPNPC_UPNPERRORS_H 1
#define HAVE_BOOST /**/
#define HAVE_BOOST_SYSTEM /**/
#define HAVE_BOOST_FILESYSTEM /**/
#define HAVE_BOOST_PROGRAM_OPTIONS /**/
#define HAVE_BOOST_THREAD /**/
#define HAVE_BOOST_CHRONO /**/
#define HAVE_BOOST_UNIT_TEST_FRAMEWORK /**/
#define ENABLE_ZMQ 0
#define HAVE_DECL_EVP_MD_CTX_NEW 1
#define HAVE_CONSENSUS_LIB 1
#define ENABLE_WALLET 1
#define USE_UPNP 0
#define CLIENT_VERSION_MAJOR 1
#define CLIENT_VERSION_MINOR 14
#define CLIENT_VERSION_REVISION 99
#define CLIENT_VERSION_BUILD 0
#define CLIENT_VERSION_IS_RELEASE false
#define COPYRIGHT_YEAR 2024
#define COPYRIGHT_HOLDERS "The %s developers"
#define COPYRIGHT_HOLDERS_SUBSTITUTION "Bitcoin Core and Dogecoin Core"
#define COPYRIGHT_HOLDERS_FINAL "The Bitcoin Core and Dogecoin Core developers"
#define CURRENT_RELEASE_DATE "2024-08-03"
#define EXPECTED_DAYS_TO_NEXT_RELEASE 270

configure: exit 0
